{"/home/travis/build/npmtest/node-npmtest-webfontloader/test.js":{"path":"/home/travis/build/npmtest/node-npmtest-webfontloader/test.js","s":{"1":2,"2":2,"3":2,"4":2,"5":2,"6":2,"7":2,"8":1,"9":2,"10":2,"11":1,"12":1,"13":1,"14":1,"15":2,"16":2,"17":2,"18":2,"19":1,"20":1,"21":2,"22":2,"23":2,"24":1,"25":1,"26":1,"27":1,"28":1,"29":1,"30":1,"31":1,"32":1,"33":1,"34":1,"35":1,"36":1,"37":1,"38":1,"39":2,"40":2,"41":1,"42":2,"43":2,"44":1,"45":2,"46":2,"47":1,"48":2,"49":2,"50":1,"51":1,"52":1,"53":1,"54":1},"b":{"1":[2,1,1,1],"2":[1,1,1,1],"3":[1,1],"4":[1,1],"5":[1,1],"6":[1,1],"7":[1,1],"8":[1,1],"9":[1,1],"10":[1,1,1],"11":[1,1],"12":[1,1],"13":[1,1],"14":[1,1],"15":[1,1],"16":[1,1],"17":[1,1]},"f":{"1":2,"2":2,"3":2,"4":2,"5":2,"6":1,"7":1,"8":1,"9":2,"10":2,"11":2,"12":2,"13":1},"fnMap":{"1":{"name":"(anonymous_1)","line":12,"loc":{"start":{"line":12,"column":1},"end":{"line":12,"column":13}}},"2":{"name":"(anonymous_2)","line":19,"loc":{"start":{"line":19,"column":5},"end":{"line":19,"column":17}}},"3":{"name":"(anonymous_3)","line":23,"loc":{"start":{"line":23,"column":24},"end":{"line":23,"column":36}}},"4":{"name":"(anonymous_4)","line":61,"loc":{"start":{"line":61,"column":5},"end":{"line":61,"column":17}}},"5":{"name":"(anonymous_5)","line":82,"loc":{"start":{"line":82,"column":5},"end":{"line":82,"column":17}}},"6":{"name":"(anonymous_6)","line":91,"loc":{"start":{"line":91,"column":77},"end":{"line":94,"column":10}}},"7":{"name":"(anonymous_7)","line":112,"loc":{"start":{"line":112,"column":83},"end":{"line":115,"column":10}},"skip":true},"8":{"name":"(anonymous_8)","line":123,"loc":{"start":{"line":123,"column":77},"end":{"line":126,"column":10}},"skip":true},"9":{"name":"(anonymous_9)","line":139,"loc":{"start":{"line":139,"column":12},"end":{"line":139,"column":40}},"skip":true},"10":{"name":"(anonymous_10)","line":147,"loc":{"start":{"line":147,"column":77},"end":{"line":150,"column":10}},"skip":true},"11":{"name":"(anonymous_11)","line":158,"loc":{"start":{"line":158,"column":83},"end":{"line":161,"column":10}},"skip":true},"12":{"name":"(anonymous_12)","line":169,"loc":{"start":{"line":169,"column":79},"end":{"line":172,"column":10}},"skip":true},"13":{"name":"(anonymous_13)","line":180,"loc":{"start":{"line":180,"column":75},"end":{"line":183,"column":10}},"skip":true}},"statementMap":{"1":{"start":{"line":12,"column":0},"end":{"line":195,"column":5}},"2":{"start":{"line":14,"column":4},"end":{"line":14,"column":14}},"3":{"start":{"line":19,"column":4},"end":{"line":56,"column":9}},"4":{"start":{"line":21,"column":8},"end":{"line":21,"column":19}},"5":{"start":{"line":23,"column":8},"end":{"line":35,"column":13}},"6":{"start":{"line":24,"column":12},"end":{"line":34,"column":13}},"7":{"start":{"line":25,"column":16},"end":{"line":28,"column":30}},"8":{"start":{"line":30,"column":16},"end":{"line":33,"column":27}},"9":{"start":{"line":37,"column":8},"end":{"line":39,"column":21}},"10":{"start":{"line":40,"column":8},"end":{"line":53,"column":9}},"11":{"start":{"line":43,"column":12},"end":{"line":46,"column":14}},"12":{"start":{"line":47,"column":12},"end":{"line":47,"column":18}},"13":{"start":{"line":50,"column":12},"end":{"line":51,"column":33}},"14":{"start":{"line":52,"column":12},"end":{"line":52,"column":18}},"15":{"start":{"line":55,"column":8},"end":{"line":55,"column":35}},"16":{"start":{"line":61,"column":4},"end":{"line":63,"column":9}},"17":{"start":{"line":62,"column":8},"end":{"line":62,"column":15}},"18":{"start":{"line":64,"column":4},"end":{"line":77,"column":5}},"19":{"start":{"line":70,"column":8},"end":{"line":70,"column":14}},"20":{"start":{"line":76,"column":8},"end":{"line":76,"column":14}},"21":{"start":{"line":82,"column":4},"end":{"line":84,"column":9}},"22":{"start":{"line":83,"column":8},"end":{"line":83,"column":15}},"23":{"start":{"line":85,"column":4},"end":{"line":194,"column":5}},"24":{"start":{"line":91,"column":8},"end":{"line":99,"column":10}},"25":{"start":{"line":98,"column":12},"end":{"line":98,"column":35}},"26":{"start":{"line":102,"column":8},"end":{"line":104,"column":63}},"27":{"start":{"line":105,"column":8},"end":{"line":105,"column":14}},"28":{"start":{"line":112,"column":8},"end":{"line":121,"column":10},"skip":true},"29":{"start":{"line":119,"column":12},"end":{"line":119,"column":55},"skip":true},"30":{"start":{"line":120,"column":12},"end":{"line":120,"column":48},"skip":true},"31":{"start":{"line":123,"column":8},"end":{"line":136,"column":10},"skip":true},"32":{"start":{"line":130,"column":12},"end":{"line":130,"column":76},"skip":true},"33":{"start":{"line":131,"column":12},"end":{"line":131,"column":73},"skip":true},"34":{"start":{"line":132,"column":12},"end":{"line":132,"column":74},"skip":true},"35":{"start":{"line":133,"column":12},"end":{"line":133,"column":79},"skip":true},"36":{"start":{"line":134,"column":12},"end":{"line":134,"column":25},"skip":true},"37":{"start":{"line":135,"column":12},"end":{"line":135,"column":45},"skip":true},"38":{"start":{"line":138,"column":8},"end":{"line":145,"column":14},"skip":true},"39":{"start":{"line":143,"column":16},"end":{"line":143,"column":29},"skip":true},"40":{"start":{"line":144,"column":16},"end":{"line":144,"column":55},"skip":true},"41":{"start":{"line":147,"column":8},"end":{"line":156,"column":10},"skip":true},"42":{"start":{"line":154,"column":12},"end":{"line":154,"column":25},"skip":true},"43":{"start":{"line":155,"column":12},"end":{"line":155,"column":45},"skip":true},"44":{"start":{"line":158,"column":8},"end":{"line":167,"column":10},"skip":true},"45":{"start":{"line":165,"column":12},"end":{"line":165,"column":25},"skip":true},"46":{"start":{"line":166,"column":12},"end":{"line":166,"column":48},"skip":true},"47":{"start":{"line":169,"column":8},"end":{"line":178,"column":10},"skip":true},"48":{"start":{"line":176,"column":12},"end":{"line":176,"column":25},"skip":true},"49":{"start":{"line":177,"column":12},"end":{"line":177,"column":46},"skip":true},"50":{"start":{"line":180,"column":8},"end":{"line":189,"column":10},"skip":true},"51":{"start":{"line":187,"column":12},"end":{"line":187,"column":94},"skip":true},"52":{"start":{"line":188,"column":12},"end":{"line":188,"column":48},"skip":true},"53":{"start":{"line":192,"column":8},"end":{"line":192,"column":35},"skip":true},"54":{"start":{"line":193,"column":8},"end":{"line":193,"column":14},"skip":true}},"branchMap":{"1":{"line":25,"type":"binary-expr","locations":[{"start":{"line":25,"column":23},"end":{"line":25,"column":62}},{"start":{"line":26,"column":20},"end":{"line":26,"column":70}},{"start":{"line":27,"column":20},"end":{"line":27,"column":71}},{"start":{"line":28,"column":20},"end":{"line":28,"column":29}}]},"2":{"line":30,"type":"binary-expr","locations":[{"start":{"line":30,"column":23},"end":{"line":30,"column":37}},{"start":{"line":31,"column":20},"end":{"line":31,"column":61}},{"start":{"line":32,"column":20},"end":{"line":32,"column":70}},{"start":{"line":33,"column":20},"end":{"line":33,"column":26}}]},"3":{"line":37,"type":"cond-expr","locations":[{"start":{"line":38,"column":14},"end":{"line":38,"column":20}},{"start":{"line":39,"column":14},"end":{"line":39,"column":20}}]},"4":{"line":40,"type":"switch","locations":[{"start":{"line":42,"column":8},"end":{"line":47,"column":18}},{"start":{"line":49,"column":8},"end":{"line":52,"column":18}}]},"5":{"line":44,"type":"binary-expr","locations":[{"start":{"line":44,"column":16},"end":{"line":44,"column":44}},{"start":{"line":44,"column":48},"end":{"line":44,"column":66}}]},"6":{"line":50,"type":"binary-expr","locations":[{"start":{"line":50,"column":21},"end":{"line":50,"column":49}},{"start":{"line":50,"column":53},"end":{"line":50,"column":72}}]},"7":{"line":64,"type":"switch","locations":[{"start":{"line":69,"column":4},"end":{"line":70,"column":14}},{"start":{"line":75,"column":4},"end":{"line":76,"column":14}}]},"8":{"line":85,"type":"switch","locations":[{"start":{"line":90,"column":4},"end":{"line":105,"column":14}},{"start":{"line":111,"column":4},"end":{"line":193,"column":14},"skip":true}]},"9":{"line":91,"type":"binary-expr","locations":[{"start":{"line":91,"column":42},"end":{"line":91,"column":73}},{"start":{"line":91,"column":77},"end":{"line":99,"column":9}}]},"10":{"line":102,"type":"binary-expr","locations":[{"start":{"line":102,"column":18},"end":{"line":102,"column":32}},{"start":{"line":103,"column":12},"end":{"line":103,"column":53}},{"start":{"line":104,"column":12},"end":{"line":104,"column":61}}]},"11":{"line":112,"type":"binary-expr","locations":[{"start":{"line":112,"column":45},"end":{"line":112,"column":79},"skip":true},{"start":{"line":112,"column":83},"end":{"line":121,"column":9},"skip":true}]},"12":{"line":123,"type":"binary-expr","locations":[{"start":{"line":123,"column":42},"end":{"line":123,"column":73},"skip":true},{"start":{"line":123,"column":77},"end":{"line":136,"column":9},"skip":true}]},"13":{"line":138,"type":"binary-expr","locations":[{"start":{"line":138,"column":48},"end":{"line":138,"column":85},"skip":true},{"start":{"line":139,"column":12},"end":{"line":145,"column":13},"skip":true}]},"14":{"line":147,"type":"binary-expr","locations":[{"start":{"line":147,"column":42},"end":{"line":147,"column":73},"skip":true},{"start":{"line":147,"column":77},"end":{"line":156,"column":9},"skip":true}]},"15":{"line":158,"type":"binary-expr","locations":[{"start":{"line":158,"column":45},"end":{"line":158,"column":79},"skip":true},{"start":{"line":158,"column":83},"end":{"line":167,"column":9},"skip":true}]},"16":{"line":169,"type":"binary-expr","locations":[{"start":{"line":169,"column":43},"end":{"line":169,"column":75},"skip":true},{"start":{"line":169,"column":79},"end":{"line":178,"column":9},"skip":true}]},"17":{"line":180,"type":"binary-expr","locations":[{"start":{"line":180,"column":41},"end":{"line":180,"column":71},"skip":true},{"start":{"line":180,"column":75},"end":{"line":189,"column":9},"skip":true}]}},"code":["/* istanbul instrument in package npmtest_webfontloader */","/*jslint","    bitwise: true,","    browser: true,","    maxerr: 8,","    maxlen: 96,","    node: true,","    nomen: true,","    regexp: true,","    stupid: true","*/","(function () {","    'use strict';","    var local;","","","","    // run shared js-env code - pre-init","    (function () {","        // init local","        local = {};","        // init modeJs","        local.modeJs = (function () {","            try {","                return typeof navigator.userAgent === 'string' &&","                    typeof document.querySelector('body') === 'object' &&","                    typeof XMLHttpRequest.prototype.open === 'function' &&","                    'browser';","            } catch (errorCaughtBrowser) {","                return module.exports &&","                    typeof process.versions.node === 'string' &&","                    typeof require('http').createServer === 'function' &&","                    'node';","            }","        }());","        // init global","        local.global = local.modeJs === 'browser'","            ? window","            : global;","        switch (local.modeJs) {","        // re-init local from window.local","        case 'browser':","            local = local.global.utility2.objectSetDefault(","                local.global.utility2_rollup || local.global.local,","                local.global.utility2","            );","            break;","        // re-init local from example.js","        case 'node':","            local = (local.global.utility2_rollup || require('utility2'))","                .requireReadme();","            break;","        }","        // export local","        local.global.local = local;","    }());","","","","    // run shared js-env code - function","    (function () {","        return;","    }());","    switch (local.modeJs) {","","","","    // run browser js-env code - function","    case 'browser':","        break;","","","","    // run node js-env code - function","    case 'node':","        break;","    }","","","","    // run shared js-env code - post-init","    (function () {","        return;","    }());","    switch (local.modeJs) {","","","","    // run browser js-env code - post-init","    case 'browser':","        local.testCase_browser_nullCase = local.testCase_browser_nullCase || function (","            options,","            onError","        ) {","        /*","         * this function will test browsers's null-case handling-behavior-behavior","         */","            onError(null, options);","        };","","        // run tests","        local.nop(local.modeTest &&","            document.querySelector('#testRunButton1') &&","            document.querySelector('#testRunButton1').click());","        break;","","","","    // run node js-env code - post-init","    /* istanbul ignore next */","    case 'node':","        local.testCase_buildApidoc_default = local.testCase_buildApidoc_default || function (","            options,","            onError","        ) {","        /*","         * this function will test buildApidoc's default handling-behavior-behavior","         */","            options = { modulePathList: module.paths };","            local.buildApidoc(options, onError);","        };","","        local.testCase_buildApp_default = local.testCase_buildApp_default || function (","            options,","            onError","        ) {","        /*","         * this function will test buildApp's default handling-behavior-behavior","         */","            local.testCase_buildReadme_default(options, local.onErrorThrow);","            local.testCase_buildLib_default(options, local.onErrorThrow);","            local.testCase_buildTest_default(options, local.onErrorThrow);","            local.testCase_buildCustomOrg_default(options, local.onErrorThrow);","            options = [];","            local.buildApp(options, onError);","        };","","        local.testCase_buildCustomOrg_default = local.testCase_buildCustomOrg_default ||","            function (options, onError) {","            /*","             * this function will test buildCustomOrg's default handling-behavior","             */","                options = {};","                local.buildCustomOrg(options, onError);","            };","","        local.testCase_buildLib_default = local.testCase_buildLib_default || function (","            options,","            onError","        ) {","        /*","         * this function will test buildLib's default handling-behavior","         */","            options = {};","            local.buildLib(options, onError);","        };","","        local.testCase_buildReadme_default = local.testCase_buildReadme_default || function (","            options,","            onError","        ) {","        /*","         * this function will test buildReadme's default handling-behavior-behavior","         */","            options = {};","            local.buildReadme(options, onError);","        };","","        local.testCase_buildTest_default = local.testCase_buildTest_default || function (","            options,","            onError","        ) {","        /*","         * this function will test buildTest's default handling-behavior","         */","            options = {};","            local.buildTest(options, onError);","        };","","        local.testCase_webpage_default = local.testCase_webpage_default || function (","            options,","            onError","        ) {","        /*","         * this function will test webpage's default handling-behavior","         */","            options = { modeCoverageMerge: true, url: local.serverLocalHost + '?modeTest=1' };","            local.browserTest(options, onError);","        };","","        // run test-server","        local.testRunServer(local);","        break;","    }","}());",""],"l":{"12":2,"14":2,"19":2,"21":2,"23":2,"24":2,"25":2,"30":1,"37":2,"40":2,"43":1,"47":1,"50":1,"52":1,"55":2,"61":2,"62":2,"64":2,"70":1,"76":1,"82":2,"83":2,"85":2,"91":1,"98":1,"102":1,"105":1,"112":1,"119":1,"120":1,"123":1,"130":1,"131":1,"132":1,"133":1,"134":1,"135":1,"138":1,"143":2,"144":2,"147":1,"154":2,"155":2,"158":1,"165":2,"166":2,"169":1,"176":2,"177":2,"180":1,"187":1,"188":1,"192":1,"193":1}},"/home/travis/build/npmtest/node-npmtest-webfontloader/lib.npmtest_webfontloader.js":{"path":"/home/travis/build/npmtest/node-npmtest-webfontloader/lib.npmtest_webfontloader.js","s":{"1":2,"2":2,"3":2,"4":2,"5":2,"6":2,"7":2,"8":1,"9":2,"10":2,"11":2,"12":2,"13":1,"14":1,"15":1,"16":1},"b":{"1":[2,1,1,1],"2":[1,1,1,1],"3":[1,1],"4":[2,2],"5":[1,1]},"f":{"1":2,"2":2,"3":2},"fnMap":{"1":{"name":"(anonymous_1)","line":12,"loc":{"start":{"line":12,"column":1},"end":{"line":12,"column":13}}},"2":{"name":"(anonymous_2)","line":19,"loc":{"start":{"line":19,"column":5},"end":{"line":19,"column":17}}},"3":{"name":"(anonymous_3)","line":23,"loc":{"start":{"line":23,"column":24},"end":{"line":23,"column":36}}}},"statementMap":{"1":{"start":{"line":12,"column":0},"end":{"line":53,"column":5}},"2":{"start":{"line":14,"column":4},"end":{"line":14,"column":14}},"3":{"start":{"line":19,"column":4},"end":{"line":52,"column":9}},"4":{"start":{"line":21,"column":8},"end":{"line":21,"column":19}},"5":{"start":{"line":23,"column":8},"end":{"line":35,"column":13}},"6":{"start":{"line":24,"column":12},"end":{"line":34,"column":13}},"7":{"start":{"line":25,"column":16},"end":{"line":28,"column":30}},"8":{"start":{"line":30,"column":16},"end":{"line":33,"column":27}},"9":{"start":{"line":37,"column":8},"end":{"line":39,"column":21}},"10":{"start":{"line":41,"column":8},"end":{"line":41,"column":54}},"11":{"start":{"line":43,"column":8},"end":{"line":43,"column":58}},"12":{"start":{"line":45,"column":8},"end":{"line":51,"column":9}},"13":{"start":{"line":46,"column":12},"end":{"line":46,"column":64}},"14":{"start":{"line":48,"column":12},"end":{"line":48,"column":35}},"15":{"start":{"line":49,"column":12},"end":{"line":49,"column":49}},"16":{"start":{"line":50,"column":12},"end":{"line":50,"column":43}}},"branchMap":{"1":{"line":25,"type":"binary-expr","locations":[{"start":{"line":25,"column":23},"end":{"line":25,"column":62}},{"start":{"line":26,"column":20},"end":{"line":26,"column":70}},{"start":{"line":27,"column":20},"end":{"line":27,"column":71}},{"start":{"line":28,"column":20},"end":{"line":28,"column":29}}]},"2":{"line":30,"type":"binary-expr","locations":[{"start":{"line":30,"column":23},"end":{"line":30,"column":37}},{"start":{"line":31,"column":20},"end":{"line":31,"column":61}},{"start":{"line":32,"column":20},"end":{"line":32,"column":70}},{"start":{"line":33,"column":20},"end":{"line":33,"column":26}}]},"3":{"line":37,"type":"cond-expr","locations":[{"start":{"line":38,"column":14},"end":{"line":38,"column":20}},{"start":{"line":39,"column":14},"end":{"line":39,"column":20}}]},"4":{"line":41,"type":"binary-expr","locations":[{"start":{"line":41,"column":16},"end":{"line":41,"column":44}},{"start":{"line":41,"column":48},"end":{"line":41,"column":53}}]},"5":{"line":45,"type":"if","locations":[{"start":{"line":45,"column":8},"end":{"line":45,"column":8}},{"start":{"line":45,"column":8},"end":{"line":45,"column":8}}]}},"code":["/* istanbul instrument in package npmtest_webfontloader */","/*jslint","    bitwise: true,","    browser: true,","    maxerr: 8,","    maxlen: 96,","    node: true,","    nomen: true,","    regexp: true,","    stupid: true","*/","(function () {","    'use strict';","    var local;","","","","    // run shared js-env code - pre-init","    (function () {","        // init local","        local = {};","        // init modeJs","        local.modeJs = (function () {","            try {","                return typeof navigator.userAgent === 'string' &&","                    typeof document.querySelector('body') === 'object' &&","                    typeof XMLHttpRequest.prototype.open === 'function' &&","                    'browser';","            } catch (errorCaughtBrowser) {","                return module.exports &&","                    typeof process.versions.node === 'string' &&","                    typeof require('http').createServer === 'function' &&","                    'node';","            }","        }());","        // init global","        local.global = local.modeJs === 'browser'","            ? window","            : global;","        // init utility2_rollup","        local = local.global.utility2_rollup || local;","        // init lib","        local.local = local.npmtest_webfontloader = local;","        // init exports","        if (local.modeJs === 'browser') {","            local.global.utility2_npmtest_webfontloader = local;","        } else {","            module.exports = local;","            module.exports.__dirname = __dirname;","            module.exports.module = module;","        }","    }());","}());",""],"l":{"12":2,"14":2,"19":2,"21":2,"23":2,"24":2,"25":2,"30":1,"37":2,"41":2,"43":2,"45":2,"46":1,"48":1,"49":1,"50":1}},"/home/travis/build/npmtest/node-npmtest-webfontloader/example.js":{"path":"/home/travis/build/npmtest/node-npmtest-webfontloader/example.js","s":{"1":2,"2":2,"3":2,"4":2,"5":2,"6":2,"7":2,"8":1,"9":2,"10":2,"11":2,"12":2,"13":1,"14":2,"15":2,"16":2,"17":2,"18":2,"19":0,"20":2,"21":1,"22":1,"23":1,"24":1,"25":1,"26":0,"27":0,"28":1,"29":1,"30":2,"31":0,"32":0,"33":0,"34":1,"35":2,"36":2,"37":3,"38":3,"39":3,"40":3,"41":0,"42":3,"43":3,"44":3,"45":1,"46":3,"47":1,"48":1,"49":1,"50":1,"51":1,"52":1,"53":1,"54":1,"55":1,"56":1,"57":0,"58":1,"59":6,"60":6,"61":1,"62":2,"63":0,"64":2,"65":1,"66":1,"67":0,"68":0,"69":0,"70":0,"71":0,"72":0,"73":0,"74":0,"75":0,"76":0,"77":0,"78":0,"79":0,"80":0,"81":0,"82":0,"83":0},"b":{"1":[2,1,1,1],"2":[1,1,1,1],"3":[1,1],"4":[2,2],"5":[1,1],"6":[1,1],"7":[2,0],"8":[2,1,1,1,1,1],"9":[0,2,0],"10":[1,1],"11":[2,1,1],"12":[1,0],"13":[0,2],"14":[2,0,0,0,0,0,0],"15":[0,3],"16":[3,0],"17":[1,1],"18":[0,1],"19":[1,2,0,2],"20":[1,0],"21":[1,1],"22":[0,0],"23":[0,0],"24":[0,0],"25":[0,0],"26":[0,0],"27":[0,0],"28":[0,0]},"f":{"1":2,"2":2,"3":2,"4":2,"5":2,"6":2,"7":3,"8":3,"9":3,"10":1,"11":6,"12":0},"fnMap":{"1":{"name":"(anonymous_1)","line":26,"loc":{"start":{"line":26,"column":1},"end":{"line":26,"column":13}}},"2":{"name":"(anonymous_2)","line":33,"loc":{"start":{"line":33,"column":5},"end":{"line":33,"column":17}}},"3":{"name":"(anonymous_3)","line":37,"loc":{"start":{"line":37,"column":24},"end":{"line":37,"column":36}}},"4":{"name":"(anonymous_4)","line":69,"loc":{"start":{"line":69,"column":31},"end":{"line":69,"column":48}},"skip":true},"5":{"name":"(anonymous_5)","line":78,"loc":{"start":{"line":78,"column":26},"end":{"line":78,"column":45}},"skip":true},"6":{"name":"(anonymous_6)","line":123,"loc":{"start":{"line":123,"column":33},"end":{"line":123,"column":48}},"skip":true},"7":{"name":"(anonymous_7)","line":125,"loc":{"start":{"line":125,"column":27},"end":{"line":125,"column":39}},"skip":true},"8":{"name":"(anonymous_8)","line":133,"loc":{"start":{"line":133,"column":59},"end":{"line":133,"column":74}},"skip":true},"9":{"name":"(anonymous_9)","line":143,"loc":{"start":{"line":143,"column":45},"end":{"line":143,"column":62}},"skip":true},"10":{"name":"(anonymous_10)","line":144,"loc":{"start":{"line":144,"column":73},"end":{"line":144,"column":92}},"skip":true},"11":{"name":"(anonymous_11)","line":272,"loc":{"start":{"line":272,"column":51},"end":{"line":272,"column":77}},"skip":true},"12":{"name":"(anonymous_12)","line":315,"loc":{"start":{"line":315,"column":32},"end":{"line":315,"column":61}},"skip":true}},"statementMap":{"1":{"start":{"line":26,"column":0},"end":{"line":326,"column":5}},"2":{"start":{"line":28,"column":4},"end":{"line":28,"column":14}},"3":{"start":{"line":33,"column":4},"end":{"line":60,"column":9}},"4":{"start":{"line":35,"column":8},"end":{"line":35,"column":19}},"5":{"start":{"line":37,"column":8},"end":{"line":49,"column":13}},"6":{"start":{"line":38,"column":12},"end":{"line":48,"column":13}},"7":{"start":{"line":39,"column":16},"end":{"line":42,"column":30}},"8":{"start":{"line":44,"column":16},"end":{"line":47,"column":27}},"9":{"start":{"line":51,"column":8},"end":{"line":53,"column":21}},"10":{"start":{"line":55,"column":8},"end":{"line":57,"column":45}},"11":{"start":{"line":59,"column":8},"end":{"line":59,"column":35}},"12":{"start":{"line":61,"column":4},"end":{"line":325,"column":5}},"13":{"start":{"line":69,"column":8},"end":{"line":121,"column":10},"skip":true},"14":{"start":{"line":70,"column":12},"end":{"line":88,"column":13},"skip":true},"15":{"start":{"line":76,"column":16},"end":{"line":87,"column":19},"skip":true},"16":{"start":{"line":79,"column":20},"end":{"line":86,"column":21},"skip":true},"17":{"start":{"line":82,"column":24},"end":{"line":82,"column":43},"skip":true},"18":{"start":{"line":83,"column":24},"end":{"line":83,"column":30},"skip":true},"19":{"start":{"line":85,"column":24},"end":{"line":85,"column":49},"skip":true},"20":{"start":{"line":89,"column":12},"end":{"line":107,"column":13},"skip":true},"21":{"start":{"line":92,"column":16},"end":{"line":102,"column":17},"skip":true},"22":{"start":{"line":93,"column":20},"end":{"line":93,"column":86},"skip":true},"23":{"start":{"line":94,"column":20},"end":{"line":95,"column":45},"skip":true},"24":{"start":{"line":96,"column":20},"end":{"line":96,"column":42},"skip":true},"25":{"start":{"line":97,"column":20},"end":{"line":97,"column":48},"skip":true},"26":{"start":{"line":100,"column":20},"end":{"line":100,"column":85},"skip":true},"27":{"start":{"line":101,"column":20},"end":{"line":101,"column":96},"skip":true},"28":{"start":{"line":103,"column":16},"end":{"line":103,"column":22},"skip":true},"29":{"start":{"line":106,"column":16},"end":{"line":106,"column":22},"skip":true},"30":{"start":{"line":108,"column":12},"end":{"line":120,"column":13},"skip":true},"31":{"start":{"line":114,"column":16},"end":{"line":119,"column":17},"skip":true},"32":{"start":{"line":116,"column":20},"end":{"line":116,"column":78},"skip":true},"33":{"start":{"line":118,"column":20},"end":{"line":118,"column":47},"skip":true},"34":{"start":{"line":123,"column":8},"end":{"line":141,"column":11},"skip":true},"35":{"start":{"line":124,"column":12},"end":{"line":124,"column":54},"skip":true},"36":{"start":{"line":125,"column":12},"end":{"line":140,"column":14},"skip":true},"37":{"start":{"line":126,"column":16},"end":{"line":126,"column":28},"skip":true},"38":{"start":{"line":127,"column":16},"end":{"line":127,"column":69},"skip":true},"39":{"start":{"line":128,"column":16},"end":{"line":128,"column":75},"skip":true},"40":{"start":{"line":129,"column":16},"end":{"line":131,"column":17},"skip":true},"41":{"start":{"line":130,"column":20},"end":{"line":130,"column":27},"skip":true},"42":{"start":{"line":133,"column":16},"end":{"line":137,"column":36},"skip":true},"43":{"start":{"line":134,"column":20},"end":{"line":136,"column":55},"skip":true},"44":{"start":{"line":139,"column":16},"end":{"line":139,"column":57},"skip":true},"45":{"start":{"line":143,"column":8},"end":{"line":147,"column":11},"skip":true},"46":{"start":{"line":144,"column":12},"end":{"line":146,"column":15},"skip":true},"47":{"start":{"line":145,"column":16},"end":{"line":145,"column":70},"skip":true},"48":{"start":{"line":149,"column":8},"end":{"line":149,"column":31},"skip":true},"49":{"start":{"line":150,"column":8},"end":{"line":150,"column":14},"skip":true},"50":{"start":{"line":158,"column":8},"end":{"line":158,"column":31},"skip":true},"51":{"start":{"line":160,"column":8},"end":{"line":160,"column":33},"skip":true},"52":{"start":{"line":161,"column":8},"end":{"line":161,"column":37},"skip":true},"53":{"start":{"line":162,"column":8},"end":{"line":162,"column":35},"skip":true},"54":{"start":{"line":164,"column":8},"end":{"line":164,"column":50},"skip":true},"55":{"start":{"line":166,"column":8},"end":{"line":256,"column":2},"skip":true},"56":{"start":{"line":258,"column":8},"end":{"line":286,"column":9},"skip":true},"57":{"start":{"line":259,"column":12},"end":{"line":269,"column":14},"skip":true},"58":{"start":{"line":271,"column":12},"end":{"line":285,"column":19},"skip":true},"59":{"start":{"line":274,"column":20},"end":{"line":274,"column":35},"skip":true},"60":{"start":{"line":275,"column":20},"end":{"line":284,"column":21},"skip":true},"61":{"start":{"line":277,"column":24},"end":{"line":277,"column":64},"skip":true},"62":{"start":{"line":279,"column":24},"end":{"line":279,"column":40},"skip":true},"63":{"start":{"line":281,"column":24},"end":{"line":281,"column":40},"skip":true},"64":{"start":{"line":283,"column":24},"end":{"line":283,"column":39},"skip":true},"65":{"start":{"line":288,"column":8},"end":{"line":290,"column":9},"skip":true},"66":{"start":{"line":289,"column":12},"end":{"line":289,"column":18},"skip":true},"67":{"start":{"line":291,"column":8},"end":{"line":293,"column":54},"skip":true},"68":{"start":{"line":296,"column":8},"end":{"line":301,"column":37},"skip":true},"69":{"start":{"line":303,"column":8},"end":{"line":303,"column":82},"skip":true},"70":{"start":{"line":306,"column":8},"end":{"line":308,"column":9},"skip":true},"71":{"start":{"line":307,"column":12},"end":{"line":307,"column":82},"skip":true},"72":{"start":{"line":310,"column":8},"end":{"line":312,"column":9},"skip":true},"73":{"start":{"line":311,"column":12},"end":{"line":311,"column":18},"skip":true},"74":{"start":{"line":313,"column":8},"end":{"line":313,"column":54},"skip":true},"75":{"start":{"line":314,"column":8},"end":{"line":314,"column":69},"skip":true},"76":{"start":{"line":315,"column":8},"end":{"line":323,"column":36},"skip":true},"77":{"start":{"line":316,"column":12},"end":{"line":316,"column":61},"skip":true},"78":{"start":{"line":317,"column":12},"end":{"line":320,"column":13},"skip":true},"79":{"start":{"line":318,"column":16},"end":{"line":318,"column":75},"skip":true},"80":{"start":{"line":319,"column":16},"end":{"line":319,"column":23},"skip":true},"81":{"start":{"line":321,"column":12},"end":{"line":321,"column":38},"skip":true},"82":{"start":{"line":322,"column":12},"end":{"line":322,"column":27},"skip":true},"83":{"start":{"line":324,"column":8},"end":{"line":324,"column":14},"skip":true}},"branchMap":{"1":{"line":39,"type":"binary-expr","locations":[{"start":{"line":39,"column":23},"end":{"line":39,"column":62}},{"start":{"line":40,"column":20},"end":{"line":40,"column":70}},{"start":{"line":41,"column":20},"end":{"line":41,"column":71}},{"start":{"line":42,"column":20},"end":{"line":42,"column":29}}]},"2":{"line":44,"type":"binary-expr","locations":[{"start":{"line":44,"column":23},"end":{"line":44,"column":37}},{"start":{"line":45,"column":20},"end":{"line":45,"column":61}},{"start":{"line":46,"column":20},"end":{"line":46,"column":70}},{"start":{"line":47,"column":20},"end":{"line":47,"column":26}}]},"3":{"line":51,"type":"cond-expr","locations":[{"start":{"line":52,"column":14},"end":{"line":52,"column":20}},{"start":{"line":53,"column":14},"end":{"line":53,"column":20}}]},"4":{"line":55,"type":"binary-expr","locations":[{"start":{"line":55,"column":16},"end":{"line":55,"column":44}},{"start":{"line":55,"column":49},"end":{"line":57,"column":43}}]},"5":{"line":55,"type":"cond-expr","locations":[{"start":{"line":56,"column":14},"end":{"line":56,"column":57}},{"start":{"line":57,"column":14},"end":{"line":57,"column":43}}]},"6":{"line":61,"type":"switch","locations":[{"start":{"line":68,"column":4},"end":{"line":150,"column":14},"skip":true},{"start":{"line":156,"column":4},"end":{"line":324,"column":14},"skip":true}]},"7":{"line":70,"type":"if","locations":[{"start":{"line":70,"column":12},"end":{"line":70,"column":12},"skip":true},{"start":{"line":70,"column":12},"end":{"line":70,"column":12},"skip":true}]},"8":{"line":70,"type":"binary-expr","locations":[{"start":{"line":70,"column":16},"end":{"line":70,"column":22},"skip":true},{"start":{"line":70,"column":27},"end":{"line":70,"column":32},"skip":true},{"start":{"line":71,"column":20},"end":{"line":71,"column":39},"skip":true},{"start":{"line":72,"column":20},"end":{"line":72,"column":49},"skip":true},{"start":{"line":73,"column":20},"end":{"line":73,"column":58},"skip":true},{"start":{"line":74,"column":20},"end":{"line":74,"column":69},"skip":true}]},"9":{"line":79,"type":"switch","locations":[{"start":{"line":80,"column":20},"end":{"line":80,"column":33},"skip":true},{"start":{"line":81,"column":20},"end":{"line":83,"column":30},"skip":true},{"start":{"line":84,"column":20},"end":{"line":85,"column":49},"skip":true}]},"10":{"line":89,"type":"switch","locations":[{"start":{"line":90,"column":12},"end":{"line":103,"column":22},"skip":true},{"start":{"line":105,"column":12},"end":{"line":106,"column":22},"skip":true}]},"11":{"line":89,"type":"binary-expr","locations":[{"start":{"line":89,"column":20},"end":{"line":89,"column":25},"skip":true},{"start":{"line":89,"column":29},"end":{"line":89,"column":48},"skip":true},{"start":{"line":89,"column":52},"end":{"line":89,"column":74},"skip":true}]},"12":{"line":92,"type":"if","locations":[{"start":{"line":92,"column":16},"end":{"line":92,"column":16},"skip":true},{"start":{"line":92,"column":16},"end":{"line":92,"column":16},"skip":true}]},"13":{"line":108,"type":"if","locations":[{"start":{"line":108,"column":12},"end":{"line":108,"column":12},"skip":true},{"start":{"line":108,"column":12},"end":{"line":108,"column":12},"skip":true}]},"14":{"line":108,"type":"binary-expr","locations":[{"start":{"line":108,"column":16},"end":{"line":108,"column":61},"skip":true},{"start":{"line":108,"column":66},"end":{"line":108,"column":72},"skip":true},{"start":{"line":108,"column":77},"end":{"line":108,"column":82},"skip":true},{"start":{"line":109,"column":20},"end":{"line":109,"column":39},"skip":true},{"start":{"line":110,"column":20},"end":{"line":110,"column":49},"skip":true},{"start":{"line":111,"column":20},"end":{"line":111,"column":58},"skip":true},{"start":{"line":112,"column":20},"end":{"line":112,"column":68},"skip":true}]},"15":{"line":129,"type":"if","locations":[{"start":{"line":129,"column":16},"end":{"line":129,"column":16},"skip":true},{"start":{"line":129,"column":16},"end":{"line":129,"column":16},"skip":true}]},"16":{"line":134,"type":"cond-expr","locations":[{"start":{"line":135,"column":26},"end":{"line":135,"column":29},"skip":true},{"start":{"line":136,"column":26},"end":{"line":136,"column":54},"skip":true}]},"17":{"line":164,"type":"binary-expr","locations":[{"start":{"line":164,"column":27},"end":{"line":164,"column":43},"skip":true},{"start":{"line":164,"column":47},"end":{"line":164,"column":49},"skip":true}]},"18":{"line":258,"type":"if","locations":[{"start":{"line":258,"column":8},"end":{"line":258,"column":8},"skip":true},{"start":{"line":258,"column":8},"end":{"line":258,"column":8},"skip":true}]},"19":{"line":275,"type":"switch","locations":[{"start":{"line":276,"column":20},"end":{"line":277,"column":64},"skip":true},{"start":{"line":278,"column":20},"end":{"line":279,"column":40},"skip":true},{"start":{"line":280,"column":20},"end":{"line":281,"column":40},"skip":true},{"start":{"line":282,"column":20},"end":{"line":283,"column":39},"skip":true}]},"20":{"line":288,"type":"if","locations":[{"start":{"line":288,"column":8},"end":{"line":288,"column":8},"skip":true},{"start":{"line":288,"column":8},"end":{"line":288,"column":8},"skip":true}]},"21":{"line":288,"type":"binary-expr","locations":[{"start":{"line":288,"column":12},"end":{"line":288,"column":40},"skip":true},{"start":{"line":288,"column":44},"end":{"line":288,"column":67},"skip":true}]},"22":{"line":292,"type":"binary-expr","locations":[{"start":{"line":292,"column":12},"end":{"line":292,"column":50},"skip":true},{"start":{"line":293,"column":12},"end":{"line":293,"column":53},"skip":true}]},"23":{"line":297,"type":"binary-expr","locations":[{"start":{"line":297,"column":12},"end":{"line":297,"column":71},"skip":true},{"start":{"line":298,"column":12},"end":{"line":301,"column":36},"skip":true}]},"24":{"line":303,"type":"binary-expr","locations":[{"start":{"line":303,"column":43},"end":{"line":303,"column":75},"skip":true},{"start":{"line":303,"column":79},"end":{"line":303,"column":81},"skip":true}]},"25":{"line":306,"type":"if","locations":[{"start":{"line":306,"column":8},"end":{"line":306,"column":8},"skip":true},{"start":{"line":306,"column":8},"end":{"line":306,"column":8},"skip":true}]},"26":{"line":310,"type":"if","locations":[{"start":{"line":310,"column":8},"end":{"line":310,"column":8},"skip":true},{"start":{"line":310,"column":8},"end":{"line":310,"column":8},"skip":true}]},"27":{"line":313,"type":"binary-expr","locations":[{"start":{"line":313,"column":27},"end":{"line":313,"column":43},"skip":true},{"start":{"line":313,"column":47},"end":{"line":313,"column":53},"skip":true}]},"28":{"line":317,"type":"if","locations":[{"start":{"line":317,"column":12},"end":{"line":317,"column":12},"skip":true},{"start":{"line":317,"column":12},"end":{"line":317,"column":12},"skip":true}]}},"code":["/*","example.js","","quickstart example","","instruction","    1. save this script as example.js","    2. run the shell command:","        $ npm install npmtest-webfontloader && PORT=8081 node example.js","    3. play with the browser-demo on http://127.0.0.1:8081","*/","","","","/* istanbul instrument in package npmtest_webfontloader */","/*jslint","    bitwise: true,","    browser: true,","    maxerr: 8,","    maxlen: 96,","    node: true,","    nomen: true,","    regexp: true,","    stupid: true","*/","(function () {","    'use strict';","    var local;","","","","    // run shared js-env code - pre-init","    (function () {","        // init local","        local = {};","        // init modeJs","        local.modeJs = (function () {","            try {","                return typeof navigator.userAgent === 'string' &&","                    typeof document.querySelector('body') === 'object' &&","                    typeof XMLHttpRequest.prototype.open === 'function' &&","                    'browser';","            } catch (errorCaughtBrowser) {","                return module.exports &&","                    typeof process.versions.node === 'string' &&","                    typeof require('http').createServer === 'function' &&","                    'node';","            }","        }());","        // init global","        local.global = local.modeJs === 'browser'","            ? window","            : global;","        // init utility2_rollup","        local = local.global.utility2_rollup || (local.modeJs === 'browser'","            ? local.global.utility2_npmtest_webfontloader","            : global.utility2_moduleExports);","        // export local","        local.global.local = local;","    }());","    switch (local.modeJs) {","","","","    // post-init","    // run browser js-env code - post-init","    /* istanbul ignore next */","    case 'browser':","        local.testRunBrowser = function (event) {","            if (!event || (event &&","                    event.currentTarget &&","                    event.currentTarget.className &&","                    event.currentTarget.className.includes &&","                    event.currentTarget.className.includes('onreset'))) {","                // reset output","                Array.from(","                    document.querySelectorAll('body > .resettable')","                ).forEach(function (element) {","                    switch (element.tagName) {","                    case 'INPUT':","                    case 'TEXTAREA':","                        element.value = '';","                        break;","                    default:","                        element.textContent = '';","                    }","                });","            }","            switch (event && event.currentTarget && event.currentTarget.id) {","            case 'testRunButton1':","                // show tests","                if (document.querySelector('#testReportDiv1').style.display === 'none') {","                    document.querySelector('#testReportDiv1').style.display = 'block';","                    document.querySelector('#testRunButton1').textContent =","                        'hide internal test';","                    local.modeTest = true;","                    local.testRunDefault(local);","                // hide tests","                } else {","                    document.querySelector('#testReportDiv1').style.display = 'none';","                    document.querySelector('#testRunButton1').textContent = 'run internal test';","                }","                break;","            // custom-case","            default:","                break;","            }","            if (document.querySelector('#inputTextareaEval1') && (!event || (event &&","                    event.currentTarget &&","                    event.currentTarget.className &&","                    event.currentTarget.className.includes &&","                    event.currentTarget.className.includes('oneval')))) {","                // try to eval input-code","                try {","                    /*jslint evil: true*/","                    eval(document.querySelector('#inputTextareaEval1').value);","                } catch (errorCaught) {","                    console.error(errorCaught);","                }","            }","        };","        // log stderr and stdout to #outputTextareaStdout1","        ['error', 'log'].forEach(function (key) {","            console[key + '_original'] = console[key];","            console[key] = function () {","                var element;","                console[key + '_original'].apply(console, arguments);","                element = document.querySelector('#outputTextareaStdout1');","                if (!element) {","                    return;","                }","                // append text to #outputTextareaStdout1","                element.value += Array.from(arguments).map(function (arg) {","                    return typeof arg === 'string'","                        ? arg","                        : JSON.stringify(arg, null, 4);","                }).join(' ') + '\\n';","                // scroll textarea to bottom","                element.scrollTop = element.scrollHeight;","            };","        });","        // init event-handling","        ['change', 'click', 'keyup'].forEach(function (event) {","            Array.from(document.querySelectorAll('.on' + event)).forEach(function (element) {","                element.addEventListener(event, local.testRunBrowser);","            });","        });","        // run tests","        local.testRunBrowser();","        break;","","","","    // run node js-env code - post-init","    /* istanbul ignore next */","    case 'node':","        // export local","        module.exports = local;","        // require modules","        local.fs = require('fs');","        local.http = require('http');","        local.url = require('url');","        // init assets","        local.assetsDict = local.assetsDict || {};","        /* jslint-ignore-begin */","        local.assetsDict['/assets.index.template.html'] = '\\","<!doctype html>\\n\\","<html lang=\"en\">\\n\\","<head>\\n\\","<meta charset=\"UTF-8\">\\n\\","<meta name=\"viewport\" content=\"width=device-width, initial-scale=1\">\\n\\","<title>{{env.npm_package_name}} (v{{env.npm_package_version}})</title>\\n\\","<style>\\n\\","/*csslint\\n\\","    box-sizing: false,\\n\\","    universal-selector: false\\n\\","*/\\n\\","* {\\n\\","    box-sizing: border-box;\\n\\","}\\n\\","body {\\n\\","    background: #dde;\\n\\","    font-family: Arial, Helvetica, sans-serif;\\n\\","    margin: 2rem;\\n\\","}\\n\\","body > * {\\n\\","    margin-bottom: 1rem;\\n\\","}\\n\\",".utility2FooterDiv {\\n\\","    margin-top: 20px;\\n\\","    text-align: center;\\n\\","}\\n\\","</style>\\n\\","<style>\\n\\","/*csslint\\n\\","*/\\n\\","textarea {\\n\\","    font-family: monospace;\\n\\","    height: 10rem;\\n\\","    width: 100%;\\n\\","}\\n\\","textarea[readonly] {\\n\\","    background: #ddd;\\n\\","}\\n\\","</style>\\n\\","</head>\\n\\","<body>\\n\\","<!-- utility2-comment\\n\\","<div id=\"ajaxProgressDiv1\" style=\"background: #d00; height: 2px; left: 0; margin: 0; padding: 0; position: fixed; top: 0; transition: background 0.5s, width 1.5s; width: 25%;\"></div>\\n\\","utility2-comment -->\\n\\","<h1>\\n\\","<!-- utility2-comment\\n\\","    <a\\n\\","        {{#if env.npm_package_homepage}}\\n\\","        href=\"{{env.npm_package_homepage}}\"\\n\\","        {{/if env.npm_package_homepage}}\\n\\","        target=\"_blank\"\\n\\","    >\\n\\","utility2-comment -->\\n\\","        {{env.npm_package_name}} (v{{env.npm_package_version}})\\n\\","<!-- utility2-comment\\n\\","    </a>\\n\\","utility2-comment -->\\n\\","</h1>\\n\\","<h3>{{env.npm_package_description}}</h3>\\n\\","<!-- utility2-comment\\n\\","<h4><a download href=\"assets.app.js\">download standalone app</a></h4>\\n\\","<button class=\"onclick onreset\" id=\"testRunButton1\">run internal test</button><br>\\n\\","<div id=\"testReportDiv1\" style=\"display: none;\"></div>\\n\\","utility2-comment -->\\n\\","\\n\\","\\n\\","\\n\\","<label>stderr and stdout</label>\\n\\","<textarea class=\"resettable\" id=\"outputTextareaStdout1\" readonly></textarea>\\n\\","<!-- utility2-comment\\n\\","{{#if isRollup}}\\n\\","<script src=\"assets.app.js\"></script>\\n\\","{{#unless isRollup}}\\n\\","utility2-comment -->\\n\\","<script src=\"assets.utility2.rollup.js\"></script>\\n\\","<script src=\"jsonp.utility2._stateInit?callback=window.utility2._stateInit\"></script>\\n\\","<script src=\"assets.npmtest_webfontloader.rollup.js\"></script>\\n\\","<script src=\"assets.example.js\"></script>\\n\\","<script src=\"assets.test.js\"></script>\\n\\","<!-- utility2-comment\\n\\","{{/if isRollup}}\\n\\","utility2-comment -->\\n\\","<div class=\"utility2FooterDiv\">\\n\\","    [ this app was created with\\n\\","    <a href=\"https://github.com/kaizhu256/node-utility2\" target=\"_blank\">utility2</a>\\n\\","    ]\\n\\","</div>\\n\\","</body>\\n\\","</html>\\n\\","';","        /* jslint-ignore-end */","        if (local.templateRender) {","            local.assetsDict['/'] = local.templateRender(","                local.assetsDict['/assets.index.template.html'],","                {","                    env: local.objectSetDefault(local.env, {","                        npm_package_description: 'the greatest app in the world!',","                        npm_package_name: 'my-app',","                        npm_package_nameAlias: 'my_app',","                        npm_package_version: '0.0.1'","                    })","                }","            );","        } else {","            local.assetsDict['/'] = local.assetsDict['/assets.index.template.html']","                .replace((/\\{\\{env\\.(\\w+?)\\}\\}/g), function (match0, match1) {","                    // jslint-hack","                    String(match0);","                    switch (match1) {","                    case 'npm_package_description':","                        return 'the greatest app in the world!';","                    case 'npm_package_name':","                        return 'my-app';","                    case 'npm_package_nameAlias':","                        return 'my_app';","                    case 'npm_package_version':","                        return '0.0.1';","                    }","                });","        }","        // run the cli","        if (local.global.utility2_rollup || module !== require.main) {","            break;","        }","        local.assetsDict['/assets.example.js'] =","            local.assetsDict['/assets.example.js'] ||","            local.fs.readFileSync(__filename, 'utf8');","        // bug-workaround - long $npm_package_buildCustomOrg","        /* jslint-ignore-begin */","        local.assetsDict['/assets.npmtest_webfontloader.rollup.js'] =","            local.assetsDict['/assets.npmtest_webfontloader.rollup.js'] ||","            local.fs.readFileSync(","                local.npmtest_webfontloader.__dirname + '/lib.npmtest_webfontloader.js',","                'utf8'","            ).replace((/^#!/), '//');","        /* jslint-ignore-end */","        local.assetsDict['/favicon.ico'] = local.assetsDict['/favicon.ico'] || '';","        // if $npm_config_timeout_exit exists,","        // then exit this process after $npm_config_timeout_exit ms","        if (Number(process.env.npm_config_timeout_exit)) {","            setTimeout(process.exit, Number(process.env.npm_config_timeout_exit));","        }","        // start server","        if (local.global.utility2_serverHttp1) {","            break;","        }","        process.env.PORT = process.env.PORT || '8081';","        console.error('server starting on port ' + process.env.PORT);","        local.http.createServer(function (request, response) {","            request.urlParsed = local.url.parse(request.url);","            if (local.assetsDict[request.urlParsed.pathname] !== undefined) {","                response.end(local.assetsDict[request.urlParsed.pathname]);","                return;","            }","            response.statusCode = 404;","            response.end();","        }).listen(process.env.PORT);","        break;","    }","}());",""],"l":{"26":2,"28":2,"33":2,"35":2,"37":2,"38":2,"39":2,"44":1,"51":2,"55":2,"59":2,"61":2,"69":1,"70":2,"76":2,"79":2,"82":2,"83":2,"85":1,"89":2,"92":1,"93":1,"94":1,"96":1,"97":1,"100":1,"101":1,"103":1,"106":1,"108":2,"114":1,"116":1,"118":1,"123":1,"124":2,"125":2,"126":3,"127":3,"128":3,"129":3,"130":1,"133":3,"134":3,"139":3,"143":1,"144":3,"145":1,"149":1,"150":1,"158":1,"160":1,"161":1,"162":1,"164":1,"166":1,"258":1,"259":1,"271":1,"274":6,"275":6,"277":1,"279":2,"281":1,"283":2,"288":1,"289":1,"291":1,"296":1,"303":1,"306":1,"307":1,"310":1,"311":1,"313":1,"314":1,"315":1,"316":1,"317":1,"318":1,"319":1,"321":1,"322":1,"324":1}},"/home/travis/build/npmtest/node-npmtest-webfontloader/node_modules/webfontloader/webfontloader.js":{"path":"/home/travis/build/npmtest/node-npmtest-webfontloader/node_modules/webfontloader/webfontloader.js","s":{"1":2,"2":1,"3":0,"4":1,"5":0,"6":0,"7":0,"8":0,"9":0,"10":0,"11":0,"12":0,"13":0,"14":0,"15":1,"16":0,"17":0,"18":2,"19":0,"20":1,"21":0,"22":0,"23":0,"24":2,"25":1,"26":0,"27":0,"28":0,"29":0,"30":0,"31":0,"32":1,"33":0,"34":0,"35":0,"36":1,"37":0,"38":1,"39":0,"40":0,"41":0,"42":0,"43":0,"44":0,"45":0,"46":0,"47":0,"48":0,"49":0,"50":0,"51":0,"52":0,"53":0,"54":0,"55":0,"56":1,"57":0,"58":0,"59":0,"60":0,"61":1,"62":0,"63":0,"64":0,"65":0,"66":0,"67":1,"68":0,"69":1,"70":1,"71":0,"72":0,"73":0,"74":0,"75":0,"76":0,"77":0,"78":0,"79":0,"80":0,"81":0,"82":0,"83":1,"84":0,"85":0,"86":0,"87":0,"88":0,"89":0,"90":0,"91":0,"92":0,"93":0,"94":1,"95":0,"96":0,"97":1,"98":0,"99":0,"100":0,"101":0,"102":1,"103":0,"104":0,"105":1,"106":0,"107":1,"108":0,"109":0,"110":0,"111":0,"112":0,"113":1,"114":0,"115":0,"116":0,"117":0,"118":0,"119":1,"120":0,"121":1,"122":0,"123":0,"124":0,"125":0,"126":0,"127":0,"128":1,"129":0,"130":1,"131":0,"132":0,"133":0,"134":1,"135":0,"136":0,"137":0,"138":1,"139":0,"140":0,"141":0,"142":0,"143":0,"144":0,"145":1,"146":0,"147":0,"148":1,"149":0,"150":0,"151":0,"152":0,"153":0,"154":1,"155":0,"156":0,"157":0,"158":0,"159":1,"160":0,"161":1,"162":0,"163":0,"164":0,"165":0,"166":0,"167":0,"168":1,"169":0,"170":0,"171":0,"172":1,"173":0,"174":1,"175":0,"176":1,"177":0,"178":0,"179":0,"180":0,"181":0,"182":0,"183":0,"184":0,"185":1,"186":0,"187":0,"188":0,"189":0,"190":0,"191":0,"192":0,"193":0,"194":1,"195":0,"196":0,"197":0,"198":0,"199":0,"200":0,"201":0,"202":0,"203":0,"204":0,"205":0,"206":0,"207":0,"208":0,"209":0,"210":0,"211":0,"212":0,"213":0,"214":0,"215":0,"216":0,"217":0,"218":0,"219":0,"220":0,"221":0,"222":0,"223":0,"224":0,"225":1,"226":0,"227":0,"228":0,"229":0,"230":0,"231":0,"232":0,"233":0,"234":0,"235":1,"236":0,"237":0,"238":0,"239":0,"240":1,"241":0,"242":0,"243":0,"244":1,"245":0,"246":0,"247":1,"248":0,"249":0,"250":0,"251":0,"252":0,"253":0,"254":1,"255":0,"256":0,"257":0,"258":0,"259":0,"260":0,"261":0,"262":0,"263":0,"264":0,"265":0,"266":0,"267":0,"268":0,"269":0,"270":0,"271":0,"272":0,"273":0,"274":0,"275":1,"276":0,"277":1,"278":0,"279":0,"280":0,"281":0,"282":0,"283":0,"284":0,"285":0,"286":0,"287":1,"288":0,"289":0,"290":0,"291":0,"292":0,"293":0,"294":0,"295":0,"296":0,"297":0,"298":0,"299":0,"300":0,"301":0,"302":0,"303":0,"304":0,"305":0,"306":0,"307":0,"308":0,"309":0,"310":1,"311":0,"312":0,"313":0,"314":0,"315":0,"316":0,"317":0,"318":0,"319":1,"320":0,"321":0,"322":1,"323":0,"324":0,"325":0,"326":0,"327":1,"328":0,"329":0,"330":0,"331":0,"332":0,"333":0,"334":0,"335":0,"336":0,"337":0,"338":0,"339":0,"340":0,"341":0,"342":0,"343":0,"344":1,"345":0,"346":0,"347":0,"348":0,"349":0,"350":0,"351":0,"352":0,"353":0,"354":0,"355":0,"356":0,"357":0,"358":0,"359":0,"360":0,"361":1,"362":0,"363":0,"364":0,"365":0,"366":0,"367":1,"368":0,"369":0,"370":0,"371":0,"372":0,"373":0,"374":1,"375":0,"376":0,"377":0,"378":0,"379":0,"380":0,"381":0,"382":0,"383":0,"384":0,"385":1,"386":0,"387":0,"388":0,"389":0,"390":1,"391":0,"392":0,"393":0,"394":0,"395":0,"396":0,"397":0,"398":0,"399":0,"400":0,"401":0,"402":0,"403":0,"404":0,"405":0,"406":0,"407":0,"408":0,"409":0,"410":0,"411":0,"412":0,"413":0,"414":0,"415":0,"416":0,"417":0,"418":0,"419":1,"420":0,"421":0,"422":0,"423":0,"424":0,"425":0,"426":0,"427":0,"428":0,"429":0,"430":0,"431":1,"432":0,"433":0,"434":0,"435":0,"436":0,"437":0,"438":0,"439":0,"440":0,"441":0,"442":0,"443":0,"444":0,"445":0,"446":0,"447":1,"448":0,"449":0,"450":0,"451":0,"452":0,"453":0,"454":0,"455":0,"456":0,"457":0,"458":0,"459":0,"460":0,"461":0,"462":0,"463":0,"464":0,"465":0,"466":0,"467":0,"468":0,"469":0,"470":0,"471":0,"472":0},"b":{"1":[0,0],"2":[0,0],"3":[0,0],"4":[0,0],"5":[2,0],"6":[0,0],"7":[0,0],"8":[0,0],"9":[0,0],"10":[0,0],"11":[0,0],"12":[0,0],"13":[0,0],"14":[0,0],"15":[0,0],"16":[0,0],"17":[0,0],"18":[0,0],"19":[0,0],"20":[0,0],"21":[0,0],"22":[0,0],"23":[0,0],"24":[0,0,0,0],"25":[0,0],"26":[0,0],"27":[0,0],"28":[0,0,0,0,0],"29":[0,0],"30":[0,0],"31":[0,0],"32":[0,0],"33":[0,0],"34":[0,0,0],"35":[0,0],"36":[0,0],"37":[0,0],"38":[0,0],"39":[0,0],"40":[0,0],"41":[0,0],"42":[0,0],"43":[0,0,0],"44":[0,0,0],"45":[0,0],"46":[0,0],"47":[0,0],"48":[0,0],"49":[0,0],"50":[0,0],"51":[0,0],"52":[0,0],"53":[0,0],"54":[0,0],"55":[0,0],"56":[0,0],"57":[0,0],"58":[0,0],"59":[0,0],"60":[0,0],"61":[0,0],"62":[0,0],"63":[0,0,0,0],"64":[0,0],"65":[0,0,0],"66":[0,0],"67":[0,0],"68":[0,0],"69":[0,0],"70":[0,0],"71":[0,0],"72":[0,0,0,0],"73":[0,0],"74":[0,0],"75":[0,0],"76":[0,0,0],"77":[0,0],"78":[0,0],"79":[0,0],"80":[0,0,0],"81":[0,0],"82":[0,0,0],"83":[0,0],"84":[0,0],"85":[0,0],"86":[0,0],"87":[0,0],"88":[0,0],"89":[0,0],"90":[0,0],"91":[0,0],"92":[0,0],"93":[0,0],"94":[0,0],"95":[0,0],"96":[0,0],"97":[0,0],"98":[0,0],"99":[0,0],"100":[0,0],"101":[0,0],"102":[0,0],"103":[0,0],"104":[0,0],"105":[0,0],"106":[0,0],"107":[0,0],"108":[0,0,0],"109":[0,0],"110":[0,0],"111":[0,0],"112":[0,0],"113":[0,0],"114":[0,0],"115":[0,0],"116":[0,0],"117":[0,0],"118":[0,0],"119":[0,0],"120":[0,0],"121":[0,0],"122":[0,0],"123":[0,0],"124":[0,0],"125":[0,0],"126":[0,0],"127":[0,0,0],"128":[0,0,0],"129":[0,0],"130":[0,0],"131":[0,0],"132":[0,0],"133":[0,0,0],"134":[0,0],"135":[0,0],"136":[0,0],"137":[0,0],"138":[0,0],"139":[0,0],"140":[0,0],"141":[0,0],"142":[0,0]},"f":{"1":2,"2":0,"3":0,"4":0,"5":0,"6":0,"7":0,"8":0,"9":0,"10":0,"11":0,"12":0,"13":0,"14":0,"15":0,"16":0,"17":0,"18":0,"19":0,"20":0,"21":0,"22":0,"23":0,"24":0,"25":0,"26":0,"27":0,"28":0,"29":0,"30":0,"31":0,"32":0,"33":0,"34":0,"35":0,"36":0,"37":0,"38":0,"39":0,"40":0,"41":0,"42":0,"43":0,"44":0,"45":0,"46":0,"47":0,"48":0,"49":0,"50":0,"51":0,"52":0,"53":0,"54":0,"55":0,"56":0,"57":0,"58":0,"59":0,"60":0,"61":0,"62":0,"63":0,"64":0,"65":0,"66":0,"67":0,"68":0,"69":0,"70":0,"71":0,"72":0,"73":0,"74":0,"75":0,"76":0,"77":0,"78":0,"79":0,"80":0,"81":0,"82":0,"83":0,"84":0,"85":0,"86":0,"87":0,"88":0,"89":0,"90":0,"91":0,"92":0,"93":0,"94":0,"95":0,"96":0,"97":0,"98":0,"99":0,"100":0,"101":0,"102":0,"103":0,"104":0},"fnMap":{"1":{"name":"(anonymous_1)","line":1,"loc":{"start":{"line":1,"column":79},"end":{"line":1,"column":89}}},"2":{"name":"aa","line":1,"loc":{"start":{"line":1,"column":90},"end":{"line":1,"column":108}}},"3":{"name":"ba","line":1,"loc":{"start":{"line":1,"column":147},"end":{"line":1,"column":165}}},"4":{"name":"(anonymous_4)","line":1,"loc":{"start":{"line":1,"column":262},"end":{"line":1,"column":272}}},"5":{"name":"(anonymous_5)","line":1,"loc":{"start":{"line":1,"column":380},"end":{"line":1,"column":390}}},"6":{"name":"p","line":1,"loc":{"start":{"line":1,"column":420},"end":{"line":1,"column":437}}},"7":{"name":"(anonymous_7)","line":1,"loc":{"start":{"line":1,"column":580},"end":{"line":1,"column":590}}},"8":{"name":"ca","line":1,"loc":{"start":{"line":1,"column":608},"end":{"line":1,"column":624}}},"9":{"name":"t","line":1,"loc":{"start":{"line":1,"column":694},"end":{"line":1,"column":713}}},"10":{"name":"u","line":1,"loc":{"start":{"line":1,"column":884},"end":{"line":1,"column":901}}},"11":{"name":"v","line":1,"loc":{"start":{"line":1,"column":997},"end":{"line":1,"column":1010}}},"12":{"name":"w","line":2,"loc":{"start":{"line":2,"column":0},"end":{"line":2,"column":17}}},"13":{"name":"y","line":2,"loc":{"start":{"line":2,"column":336},"end":{"line":2,"column":351}}},"14":{"name":"z","line":3,"loc":{"start":{"line":3,"column":0},"end":{"line":3,"column":13}}},"15":{"name":"ea","line":3,"loc":{"start":{"line":3,"column":152},"end":{"line":3,"column":166}}},"16":{"name":"A","line":4,"loc":{"start":{"line":4,"column":0},"end":{"line":4,"column":17}}},"17":{"name":"d","line":4,"loc":{"start":{"line":4,"column":18},"end":{"line":4,"column":30}}},"18":{"name":"(anonymous_18)","line":4,"loc":{"start":{"line":4,"column":150},"end":{"line":4,"column":160}}},"19":{"name":"(anonymous_19)","line":4,"loc":{"start":{"line":4,"column":181},"end":{"line":4,"column":191}}},"20":{"name":"(anonymous_20)","line":4,"loc":{"start":{"line":4,"column":251},"end":{"line":4,"column":261}}},"21":{"name":"B","line":5,"loc":{"start":{"line":5,"column":0},"end":{"line":5,"column":19}}},"22":{"name":"(anonymous_22)","line":5,"loc":{"start":{"line":5,"column":131},"end":{"line":5,"column":141}}},"23":{"name":"(anonymous_23)","line":5,"loc":{"start":{"line":5,"column":347},"end":{"line":5,"column":357}}},"24":{"name":"C","line":5,"loc":{"start":{"line":5,"column":434},"end":{"line":5,"column":446}}},"25":{"name":"D","line":5,"loc":{"start":{"line":5,"column":468},"end":{"line":5,"column":481}}},"26":{"name":"(anonymous_26)","line":5,"loc":{"start":{"line":5,"column":495},"end":{"line":5,"column":505}}},"27":{"name":"F","line":5,"loc":{"start":{"line":5,"column":518},"end":{"line":5,"column":533}}},"28":{"name":"E","line":5,"loc":{"start":{"line":5,"column":545},"end":{"line":5,"column":558}}},"29":{"name":"G","line":5,"loc":{"start":{"line":5,"column":590},"end":{"line":5,"column":603}}},"30":{"name":"(anonymous_30)","line":5,"loc":{"start":{"line":5,"column":632},"end":{"line":5,"column":643}}},"31":{"name":"H","line":5,"loc":{"start":{"line":5,"column":764},"end":{"line":5,"column":779}}},"32":{"name":"fa","line":5,"loc":{"start":{"line":5,"column":894},"end":{"line":5,"column":908}}},"33":{"name":"J","line":5,"loc":{"start":{"line":5,"column":953},"end":{"line":5,"column":966}}},"34":{"name":"K","line":5,"loc":{"start":{"line":5,"column":1134},"end":{"line":5,"column":1147}}},"35":{"name":"I","line":5,"loc":{"start":{"line":5,"column":1163},"end":{"line":5,"column":1176}}},"36":{"name":"ga","line":6,"loc":{"start":{"line":6,"column":0},"end":{"line":6,"column":14}}},"37":{"name":"ha","line":6,"loc":{"start":{"line":6,"column":261},"end":{"line":6,"column":277}}},"38":{"name":"ia","line":6,"loc":{"start":{"line":6,"column":393},"end":{"line":6,"column":407}}},"39":{"name":"M","line":6,"loc":{"start":{"line":6,"column":459},"end":{"line":6,"column":472}}},"40":{"name":"L","line":6,"loc":{"start":{"line":6,"column":607},"end":{"line":6,"column":624}}},"41":{"name":"ja","line":6,"loc":{"start":{"line":6,"column":677},"end":{"line":6,"column":690}}},"42":{"name":"ka","line":6,"loc":{"start":{"line":6,"column":701},"end":{"line":6,"column":719}}},"43":{"name":"N","line":6,"loc":{"start":{"line":6,"column":810},"end":{"line":6,"column":825}}},"44":{"name":"O","line":6,"loc":{"start":{"line":6,"column":898},"end":{"line":6,"column":911}}},"45":{"name":"P","line":6,"loc":{"start":{"line":6,"column":930},"end":{"line":6,"column":943}}},"46":{"name":"Q","line":6,"loc":{"start":{"line":6,"column":1202},"end":{"line":6,"column":1225}}},"47":{"name":"(anonymous_47)","line":6,"loc":{"start":{"line":6,"column":1311},"end":{"line":6,"column":1321}}},"48":{"name":"(anonymous_48)","line":6,"loc":{"start":{"line":6,"column":1373},"end":{"line":6,"column":1386}}},"49":{"name":"k","line":6,"loc":{"start":{"line":6,"column":1387},"end":{"line":6,"column":1399}}},"50":{"name":"(anonymous_50)","line":6,"loc":{"start":{"line":6,"column":1446},"end":{"line":6,"column":1457}}},"51":{"name":"(anonymous_51)","line":6,"loc":{"start":{"line":6,"column":1492},"end":{"line":6,"column":1502}}},"52":{"name":"(anonymous_52)","line":6,"loc":{"start":{"line":6,"column":1529},"end":{"line":6,"column":1542}}},"53":{"name":"(anonymous_53)","line":6,"loc":{"start":{"line":6,"column":1588},"end":{"line":6,"column":1598}}},"54":{"name":"(anonymous_54)","line":6,"loc":{"start":{"line":6,"column":1609},"end":{"line":6,"column":1619}}},"55":{"name":"R","line":6,"loc":{"start":{"line":6,"column":1632},"end":{"line":6,"column":1657}}},"56":{"name":"U","line":7,"loc":{"start":{"line":7,"column":110},"end":{"line":7,"column":122}}},"57":{"name":"(anonymous_57)","line":7,"loc":{"start":{"line":7,"column":319},"end":{"line":7,"column":329}}},"58":{"name":"ma","line":8,"loc":{"start":{"line":8,"column":0},"end":{"line":8,"column":18}}},"59":{"name":"la","line":8,"loc":{"start":{"line":8,"column":105},"end":{"line":8,"column":119}}},"60":{"name":"na","line":8,"loc":{"start":{"line":8,"column":331},"end":{"line":8,"column":345}}},"61":{"name":"(anonymous_61)","line":8,"loc":{"start":{"line":8,"column":359},"end":{"line":8,"column":369}}},"62":{"name":"V","line":8,"loc":{"start":{"line":8,"column":387},"end":{"line":8,"column":402}}},"63":{"name":"(anonymous_63)","line":8,"loc":{"start":{"line":8,"column":416},"end":{"line":8,"column":426}}},"64":{"name":"W","line":8,"loc":{"start":{"line":8,"column":493},"end":{"line":8,"column":510}}},"65":{"name":"(anonymous_65)","line":8,"loc":{"start":{"line":8,"column":589},"end":{"line":8,"column":600}}},"66":{"name":"(anonymous_66)","line":9,"loc":{"start":{"line":9,"column":14},"end":{"line":9,"column":25}}},"67":{"name":"oa","line":9,"loc":{"start":{"line":9,"column":249},"end":{"line":9,"column":263}}},"68":{"name":"pa","line":9,"loc":{"start":{"line":9,"column":397},"end":{"line":9,"column":411}}},"69":{"name":"(anonymous_69)","line":9,"loc":{"start":{"line":9,"column":479},"end":{"line":9,"column":490}}},"70":{"name":"ra","line":10,"loc":{"start":{"line":10,"column":0},"end":{"line":10,"column":22}}},"71":{"name":"(anonymous_71)","line":10,"loc":{"start":{"line":10,"column":61},"end":{"line":10,"column":71}}},"72":{"name":"qa","line":11,"loc":{"start":{"line":11,"column":177},"end":{"line":11,"column":195}}},"73":{"name":"(anonymous_73)","line":11,"loc":{"start":{"line":11,"column":310},"end":{"line":11,"column":325}}},"74":{"name":"sa","line":11,"loc":{"start":{"line":11,"column":343},"end":{"line":11,"column":359}}},"75":{"name":"ta","line":11,"loc":{"start":{"line":11,"column":378},"end":{"line":11,"column":396}}},"76":{"name":"(anonymous_76)","line":12,"loc":{"start":{"line":12,"column":18},"end":{"line":12,"column":29}}},"77":{"name":"b","line":12,"loc":{"start":{"line":12,"column":30},"end":{"line":12,"column":42}}},"78":{"name":"(anonymous_78)","line":12,"loc":{"start":{"line":12,"column":297},"end":{"line":12,"column":307}}},"79":{"name":"(anonymous_79)","line":12,"loc":{"start":{"line":12,"column":395},"end":{"line":12,"column":406}}},"80":{"name":"(anonymous_80)","line":12,"loc":{"start":{"line":12,"column":449},"end":{"line":12,"column":459}}},"81":{"name":"ua","line":13,"loc":{"start":{"line":13,"column":14},"end":{"line":13,"column":30}}},"82":{"name":"(anonymous_82)","line":13,"loc":{"start":{"line":13,"column":67},"end":{"line":13,"column":78}}},"83":{"name":"(anonymous_83)","line":13,"loc":{"start":{"line":13,"column":369},"end":{"line":13,"column":379}}},"84":{"name":"va","line":13,"loc":{"start":{"line":13,"column":390},"end":{"line":13,"column":408}}},"85":{"name":"xa","line":13,"loc":{"start":{"line":13,"column":501},"end":{"line":13,"column":517}}},"86":{"name":"za","line":14,"loc":{"start":{"line":14,"column":0},"end":{"line":14,"column":14}}},"87":{"name":"Aa","line":14,"loc":{"start":{"line":14,"column":311},"end":{"line":14,"column":325}}},"88":{"name":"Fa","line":17,"loc":{"start":{"line":17,"column":0},"end":{"line":17,"column":14}}},"89":{"name":"Ga","line":18,"loc":{"start":{"line":18,"column":120},"end":{"line":18,"column":136}}},"90":{"name":"(anonymous_90)","line":18,"loc":{"start":{"line":18,"column":211},"end":{"line":18,"column":222}}},"91":{"name":"(anonymous_91)","line":18,"loc":{"start":{"line":18,"column":350},"end":{"line":18,"column":360}}},"92":{"name":"Ia","line":18,"loc":{"start":{"line":18,"column":378},"end":{"line":18,"column":394}}},"93":{"name":"(anonymous_93)","line":18,"loc":{"start":{"line":18,"column":431},"end":{"line":18,"column":442}}},"94":{"name":"(anonymous_94)","line":18,"loc":{"start":{"line":18,"column":533},"end":{"line":18,"column":544}}},"95":{"name":"Ja","line":18,"loc":{"start":{"line":18,"column":815},"end":{"line":18,"column":831}}},"96":{"name":"(anonymous_96)","line":18,"loc":{"start":{"line":18,"column":878},"end":{"line":18,"column":889}}},"97":{"name":"(anonymous_97)","line":18,"loc":{"start":{"line":18,"column":1020},"end":{"line":18,"column":1033}}},"98":{"name":"(anonymous_98)","line":18,"loc":{"start":{"line":18,"column":1257},"end":{"line":18,"column":1268}}},"99":{"name":"(anonymous_99)","line":18,"loc":{"start":{"line":18,"column":1322},"end":{"line":18,"column":1335}}},"100":{"name":"(anonymous_100)","line":18,"loc":{"start":{"line":18,"column":1371},"end":{"line":18,"column":1384}}},"101":{"name":"(anonymous_101)","line":18,"loc":{"start":{"line":18,"column":1420},"end":{"line":18,"column":1433}}},"102":{"name":"(anonymous_102)","line":18,"loc":{"start":{"line":18,"column":1468},"end":{"line":18,"column":1481}}},"103":{"name":"(anonymous_103)","line":18,"loc":{"start":{"line":18,"column":1515},"end":{"line":18,"column":1528}}},"104":{"name":"(anonymous_104)","line":18,"loc":{"start":{"line":18,"column":1620},"end":{"line":18,"column":1630}}}},"statementMap":{"1":{"start":{"line":1,"column":78},"end":{"line":18,"column":1778}},"2":{"start":{"line":1,"column":90},"end":{"line":1,"column":147}},"3":{"start":{"line":1,"column":109},"end":{"line":1,"column":146}},"4":{"start":{"line":1,"column":147},"end":{"line":1,"column":420}},"5":{"start":{"line":1,"column":166},"end":{"line":1,"column":186}},"6":{"start":{"line":1,"column":172},"end":{"line":1,"column":186}},"7":{"start":{"line":1,"column":186},"end":{"line":1,"column":373}},"8":{"start":{"line":1,"column":209},"end":{"line":1,"column":255}},"9":{"start":{"line":1,"column":255},"end":{"line":1,"column":372}},"10":{"start":{"line":1,"column":273},"end":{"line":1,"column":317}},"11":{"start":{"line":1,"column":317},"end":{"line":1,"column":352}},"12":{"start":{"line":1,"column":352},"end":{"line":1,"column":371}},"13":{"start":{"line":1,"column":373},"end":{"line":1,"column":419}},"14":{"start":{"line":1,"column":391},"end":{"line":1,"column":418}},"15":{"start":{"line":1,"column":420},"end":{"line":1,"column":564}},"16":{"start":{"line":1,"column":438},"end":{"line":1,"column":533}},"17":{"start":{"line":1,"column":533},"end":{"line":1,"column":563}},"18":{"start":{"line":1,"column":564},"end":{"line":1,"column":608}},"19":{"start":{"line":1,"column":591},"end":{"line":1,"column":606}},"20":{"start":{"line":1,"column":608},"end":{"line":1,"column":669}},"21":{"start":{"line":1,"column":625},"end":{"line":1,"column":634}},"22":{"start":{"line":1,"column":634},"end":{"line":1,"column":646}},"23":{"start":{"line":1,"column":646},"end":{"line":1,"column":668}},"24":{"start":{"line":1,"column":669},"end":{"line":1,"column":694}},"25":{"start":{"line":1,"column":694},"end":{"line":1,"column":884}},"26":{"start":{"line":1,"column":714},"end":{"line":1,"column":737}},"27":{"start":{"line":1,"column":737},"end":{"line":1,"column":835}},"28":{"start":{"line":1,"column":742},"end":{"line":1,"column":835}},"29":{"start":{"line":1,"column":757},"end":{"line":1,"column":835}},"30":{"start":{"line":1,"column":835},"end":{"line":1,"column":875}},"31":{"start":{"line":1,"column":875},"end":{"line":1,"column":883}},"32":{"start":{"line":1,"column":884},"end":{"line":1,"column":997}},"33":{"start":{"line":1,"column":902},"end":{"line":1,"column":935}},"34":{"start":{"line":1,"column":935},"end":{"line":1,"column":967}},"35":{"start":{"line":1,"column":967},"end":{"line":1,"column":996}},"36":{"start":{"line":1,"column":997},"end":{"line":1,"column":1053}},"37":{"start":{"line":1,"column":1011},"end":{"line":1,"column":1052}},"38":{"start":{"line":2,"column":0},"end":{"line":2,"column":336}},"39":{"start":{"line":2,"column":18},"end":{"line":2,"column":26}},"40":{"start":{"line":2,"column":26},"end":{"line":2,"column":34}},"41":{"start":{"line":2,"column":34},"end":{"line":2,"column":166}},"42":{"start":{"line":2,"column":90},"end":{"line":2,"column":150}},"43":{"start":{"line":2,"column":123},"end":{"line":2,"column":150}},"44":{"start":{"line":2,"column":139},"end":{"line":2,"column":144}},"45":{"start":{"line":2,"column":144},"end":{"line":2,"column":149}},"46":{"start":{"line":2,"column":150},"end":{"line":2,"column":165}},"47":{"start":{"line":2,"column":166},"end":{"line":2,"column":171}},"48":{"start":{"line":2,"column":171},"end":{"line":2,"column":268}},"49":{"start":{"line":2,"column":196},"end":{"line":2,"column":201}},"50":{"start":{"line":2,"column":201},"end":{"line":2,"column":252}},"51":{"start":{"line":2,"column":225},"end":{"line":2,"column":252}},"52":{"start":{"line":2,"column":241},"end":{"line":2,"column":246}},"53":{"start":{"line":2,"column":246},"end":{"line":2,"column":251}},"54":{"start":{"line":2,"column":252},"end":{"line":2,"column":267}},"55":{"start":{"line":2,"column":268},"end":{"line":2,"column":335}},"56":{"start":{"line":2,"column":336},"end":{"line":2,"column":439}},"57":{"start":{"line":2,"column":352},"end":{"line":2,"column":430}},"58":{"start":{"line":2,"column":410},"end":{"line":2,"column":430}},"59":{"start":{"line":2,"column":421},"end":{"line":2,"column":430}},"60":{"start":{"line":2,"column":430},"end":{"line":2,"column":438}},"61":{"start":{"line":3,"column":0},"end":{"line":3,"column":152}},"62":{"start":{"line":3,"column":14},"end":{"line":3,"column":50}},"63":{"start":{"line":3,"column":39},"end":{"line":3,"column":50}},"64":{"start":{"line":3,"column":50},"end":{"line":3,"column":78}},"65":{"start":{"line":3,"column":78},"end":{"line":3,"column":117}},"66":{"start":{"line":3,"column":117},"end":{"line":3,"column":151}},"67":{"start":{"line":3,"column":152},"end":{"line":3,"column":219}},"68":{"start":{"line":3,"column":167},"end":{"line":3,"column":218}},"69":{"start":{"line":4,"column":0},"end":{"line":4,"column":289}},"70":{"start":{"line":4,"column":18},"end":{"line":4,"column":54}},"71":{"start":{"line":4,"column":31},"end":{"line":4,"column":53}},"72":{"start":{"line":4,"column":54},"end":{"line":4,"column":106}},"73":{"start":{"line":4,"column":106},"end":{"line":4,"column":137}},"74":{"start":{"line":4,"column":137},"end":{"line":4,"column":275}},"75":{"start":{"line":4,"column":161},"end":{"line":4,"column":166}},"76":{"start":{"line":4,"column":166},"end":{"line":4,"column":169}},"77":{"start":{"line":4,"column":192},"end":{"line":4,"column":197}},"78":{"start":{"line":4,"column":197},"end":{"line":4,"column":234}},"79":{"start":{"line":4,"column":234},"end":{"line":4,"column":237}},"80":{"start":{"line":4,"column":262},"end":{"line":4,"column":267}},"81":{"start":{"line":4,"column":267},"end":{"line":4,"column":270}},"82":{"start":{"line":4,"column":275},"end":{"line":4,"column":288}},"83":{"start":{"line":5,"column":0},"end":{"line":5,"column":433}},"84":{"start":{"line":5,"column":20},"end":{"line":5,"column":62}},"85":{"start":{"line":5,"column":62},"end":{"line":5,"column":421}},"86":{"start":{"line":5,"column":68},"end":{"line":5,"column":101}},"87":{"start":{"line":5,"column":101},"end":{"line":5,"column":319}},"88":{"start":{"line":5,"column":142},"end":{"line":5,"column":317}},"89":{"start":{"line":5,"column":319},"end":{"line":5,"column":336}},"90":{"start":{"line":5,"column":336},"end":{"line":5,"column":412}},"91":{"start":{"line":5,"column":358},"end":{"line":5,"column":402}},"92":{"start":{"line":5,"column":412},"end":{"line":5,"column":420}},"93":{"start":{"line":5,"column":421},"end":{"line":5,"column":432}},"94":{"start":{"line":5,"column":434},"end":{"line":5,"column":468}},"95":{"start":{"line":5,"column":447},"end":{"line":5,"column":456}},"96":{"start":{"line":5,"column":456},"end":{"line":5,"column":467}},"97":{"start":{"line":5,"column":468},"end":{"line":5,"column":518}},"98":{"start":{"line":5,"column":482},"end":{"line":5,"column":488}},"99":{"start":{"line":5,"column":488},"end":{"line":5,"column":517}},"100":{"start":{"line":5,"column":506},"end":{"line":5,"column":512}},"101":{"start":{"line":5,"column":512},"end":{"line":5,"column":516}},"102":{"start":{"line":5,"column":518},"end":{"line":5,"column":545}},"103":{"start":{"line":5,"column":534},"end":{"line":5,"column":540}},"104":{"start":{"line":5,"column":540},"end":{"line":5,"column":544}},"105":{"start":{"line":5,"column":545},"end":{"line":5,"column":589}},"106":{"start":{"line":5,"column":559},"end":{"line":5,"column":588}},"107":{"start":{"line":5,"column":590},"end":{"line":5,"column":618}},"108":{"start":{"line":5,"column":604},"end":{"line":5,"column":617}},"109":{"start":{"line":5,"column":618},"end":{"line":5,"column":764}},"110":{"start":{"line":5,"column":644},"end":{"line":5,"column":741}},"111":{"start":{"line":5,"column":684},"end":{"line":5,"column":741}},"112":{"start":{"line":5,"column":741},"end":{"line":5,"column":762}},"113":{"start":{"line":5,"column":764},"end":{"line":5,"column":894}},"114":{"start":{"line":5,"column":780},"end":{"line":5,"column":789}},"115":{"start":{"line":5,"column":789},"end":{"line":5,"column":798}},"116":{"start":{"line":5,"column":798},"end":{"line":5,"column":809}},"117":{"start":{"line":5,"column":809},"end":{"line":5,"column":852}},"118":{"start":{"line":5,"column":852},"end":{"line":5,"column":893}},"119":{"start":{"line":5,"column":894},"end":{"line":5,"column":953}},"120":{"start":{"line":5,"column":909},"end":{"line":5,"column":952}},"121":{"start":{"line":5,"column":953},"end":{"line":5,"column":1134}},"122":{"start":{"line":5,"column":967},"end":{"line":5,"column":976}},"123":{"start":{"line":5,"column":976},"end":{"line":5,"column":994}},"124":{"start":{"line":5,"column":994},"end":{"line":5,"column":1115}},"125":{"start":{"line":5,"column":1022},"end":{"line":5,"column":1053}},"126":{"start":{"line":5,"column":1053},"end":{"line":5,"column":1114}},"127":{"start":{"line":5,"column":1115},"end":{"line":5,"column":1133}},"128":{"start":{"line":5,"column":1134},"end":{"line":5,"column":1163}},"129":{"start":{"line":5,"column":1148},"end":{"line":5,"column":1162}},"130":{"start":{"line":5,"column":1163},"end":{"line":5,"column":1247}},"131":{"start":{"line":5,"column":1177},"end":{"line":5,"column":1192}},"132":{"start":{"line":5,"column":1192},"end":{"line":5,"column":1238}},"133":{"start":{"line":5,"column":1238},"end":{"line":5,"column":1246}},"134":{"start":{"line":6,"column":0},"end":{"line":6,"column":260}},"135":{"start":{"line":6,"column":15},"end":{"line":6,"column":36}},"136":{"start":{"line":6,"column":36},"end":{"line":6,"column":249}},"137":{"start":{"line":6,"column":249},"end":{"line":6,"column":259}},"138":{"start":{"line":6,"column":261},"end":{"line":6,"column":393}},"139":{"start":{"line":6,"column":278},"end":{"line":6,"column":287}},"140":{"start":{"line":6,"column":287},"end":{"line":6,"column":323}},"141":{"start":{"line":6,"column":323},"end":{"line":6,"column":332}},"142":{"start":{"line":6,"column":332},"end":{"line":6,"column":350}},"143":{"start":{"line":6,"column":350},"end":{"line":6,"column":371}},"144":{"start":{"line":6,"column":371},"end":{"line":6,"column":392}},"145":{"start":{"line":6,"column":393},"end":{"line":6,"column":459}},"146":{"start":{"line":6,"column":408},"end":{"line":6,"column":444}},"147":{"start":{"line":6,"column":444},"end":{"line":6,"column":458}},"148":{"start":{"line":6,"column":459},"end":{"line":6,"column":607}},"149":{"start":{"line":6,"column":473},"end":{"line":6,"column":591}},"150":{"start":{"line":6,"column":481},"end":{"line":6,"column":546}},"151":{"start":{"line":6,"column":546},"end":{"line":6,"column":580}},"152":{"start":{"line":6,"column":580},"end":{"line":6,"column":590}},"153":{"start":{"line":6,"column":591},"end":{"line":6,"column":606}},"154":{"start":{"line":6,"column":607},"end":{"line":6,"column":676}},"155":{"start":{"line":6,"column":625},"end":{"line":6,"column":675}},"156":{"start":{"line":6,"column":640},"end":{"line":6,"column":675}},"157":{"start":{"line":6,"column":645},"end":{"line":6,"column":662}},"158":{"start":{"line":6,"column":667},"end":{"line":6,"column":675}},"159":{"start":{"line":6,"column":677},"end":{"line":6,"column":701}},"160":{"start":{"line":6,"column":691},"end":{"line":6,"column":700}},"161":{"start":{"line":6,"column":701},"end":{"line":6,"column":809}},"162":{"start":{"line":6,"column":720},"end":{"line":6,"column":731}},"163":{"start":{"line":6,"column":731},"end":{"line":6,"column":800}},"164":{"start":{"line":6,"column":742},"end":{"line":6,"column":800}},"165":{"start":{"line":6,"column":766},"end":{"line":6,"column":779}},"166":{"start":{"line":6,"column":779},"end":{"line":6,"column":799}},"167":{"start":{"line":6,"column":800},"end":{"line":6,"column":808}},"168":{"start":{"line":6,"column":810},"end":{"line":6,"column":898}},"169":{"start":{"line":6,"column":826},"end":{"line":6,"column":835}},"170":{"start":{"line":6,"column":835},"end":{"line":6,"column":844}},"171":{"start":{"line":6,"column":844},"end":{"line":6,"column":897}},"172":{"start":{"line":6,"column":898},"end":{"line":6,"column":930}},"173":{"start":{"line":6,"column":912},"end":{"line":6,"column":929}},"174":{"start":{"line":6,"column":930},"end":{"line":6,"column":1201}},"175":{"start":{"line":6,"column":944},"end":{"line":6,"column":1200}},"176":{"start":{"line":6,"column":1202},"end":{"line":6,"column":1293}},"177":{"start":{"line":6,"column":1226},"end":{"line":6,"column":1235}},"178":{"start":{"line":6,"column":1235},"end":{"line":6,"column":1244}},"179":{"start":{"line":6,"column":1244},"end":{"line":6,"column":1253}},"180":{"start":{"line":6,"column":1253},"end":{"line":6,"column":1262}},"181":{"start":{"line":6,"column":1262},"end":{"line":6,"column":1276}},"182":{"start":{"line":6,"column":1276},"end":{"line":6,"column":1292}},"183":{"start":{"line":6,"column":1293},"end":{"line":6,"column":1632}},"184":{"start":{"line":6,"column":1322},"end":{"line":6,"column":1563}},"185":{"start":{"line":6,"
[...]
5}},"22":{"start":{"line":43,"column":6},"end":{"line":45,"column":7}},"23":{"start":{"line":44,"column":8},"end":{"line":44,"column":55}},"24":{"start":{"line":49,"column":6},"end":{"line":55,"column":8}},"25":{"start":{"line":50,"column":8},"end":{"line":53,"column":9}},"26":{"start":{"line":51,"column":10},"end":{"line":51,"column":38}},"27":{"start":{"line":52,"column":10},"end":{"line":52,"column":141}},"28":{"start":{"line":54,"column":8},"end":{"line":54,"column":29}},"29":{"start":{"line":58,"column":6},"end":{"line":62,"column":9}},"30":{"start":{"line":59,"column":8},"end":{"line":61,"column":9}},"31":{"start":{"line":60,"column":10},"end":{"line":60,"column":22}},"32":{"start":{"line":64,"column":6},"end":{"line":64,"column":18}}},"branchMap":{"1":{"line":32,"type":"binary-expr","locations":[{"start":{"line":32,"column":14},"end":{"line":32,"column":40}},{"start":{"line":32,"column":44},"end":{"line":32,"column":72}}]},"2":{"line":41,"type":"if","locations":[{"start":{"line":41,"column":4},"end":{"line":41,"column":4}},{"start":{"line":41,"column":4},"end":{"line":41,"column":4}}]},"3":{"line":43,"type":"if","locations":[{"start":{"line":43,"column":6},"end":{"line":43,"column":6}},{"start":{"line":43,"column":6},"end":{"line":43,"column":6}}]},"4":{"line":59,"type":"if","locations":[{"start":{"line":59,"column":8},"end":{"line":59,"column":8}},{"start":{"line":59,"column":8},"end":{"line":59,"column":8}}]}},"code":["goog.provide('webfont.modules.Fontdeck');","","goog.require('webfont.Font');","","/**"," * @constructor"," * @implements {webfont.FontModule}"," */","webfont.modules.Fontdeck = function(domHelper, configuration) {","  this.domHelper_ = domHelper;","  this.configuration_ = configuration;","  this.fonts_ = [];","};","","/**"," * @const"," * @type {string}"," */","webfont.modules.Fontdeck.NAME = 'fontdeck';","webfont.modules.Fontdeck.HOOK = '__webfontfontdeckmodule__';","webfont.modules.Fontdeck.API = '//f.fontdeck.com/s/css/js/';","","goog.scope(function () {","  var Fontdeck = webfont.modules.Fontdeck,","      Font = webfont.Font,","      FontVariationDescription = webfont.FontVariationDescription;","","  Fontdeck.prototype.getScriptSrc = function(projectId) {","    var protocol = this.domHelper_.getProtocol();","    // For empty iframes, fall back to main window's hostname.","    var hostname = this.domHelper_.getHostName();","    var api = this.configuration_['api'] || webfont.modules.Fontdeck.API;","    return protocol + api + hostname + '/' + projectId + '.js';","  };","","  Fontdeck.prototype.load = function(onReady) {","    var projectId = this.configuration_['id'];","    var loadWindow = this.domHelper_.getLoadWindow();","    var self = this;","","    if (projectId) {","      // Provide data to Fontdeck for processing.","      if (!loadWindow[webfont.modules.Fontdeck.HOOK]) {","        loadWindow[webfont.modules.Fontdeck.HOOK] = {};","      }","","      // Fontdeck will call this function to indicate support status","      // and what fonts are provided.","      loadWindow[webfont.modules.Fontdeck.HOOK][projectId] = function(fontdeckSupports, data) {","        for (var i = 0, j = data['fonts'].length; i<j; ++i) {","          var font = data['fonts'][i];","          self.fonts_.push(new Font(font['name'], Font.parseCssVariation('font-weight:' + font['weight'] + ';font-style:' + font['style'])));","        }","        onReady(self.fonts_);","      };","","      // Call the Fontdeck API.","      this.domHelper_.loadScript(this.getScriptSrc(projectId), function (err) {","        if (err) {","          onReady([]);","        }","      });","    } else {","      onReady([]);","    }","  };","});",""],"l":{"1":2,"3":0,"9":0,"10":0,"11":0,"12":0,"19":0,"20":0,"21":0,"23":0,"24":0,"28":0,"29":0,"31":0,"32":0,"33":0,"36":0,"37":0,"38":0,"39":0,"41":0,"43":0,"44":0,"49":0,"50":0,"51":0,"52":0,"54":0,"58":0,"59":0,"60":0,"64":0}},"/home/travis/build/npmtest/node-npmtest-webfontloader/node_modules/webfontloader/src/modules/monotype.js":{"path":"/home/travis/build/npmtest/node-npmtest-webfontloader/node_modules/webfontloader/src/modules/monotype.js","s":{"1":2,"2":0,"3":0,"4":0,"5":0,"6":0,"7":0,"8":0,"9":0,"10":0,"11":0,"12":0,"13":0,"14":0,"15":0,"16":0,"17":0,"18":0,"19":0,"20":1,"21":0,"22":0,"23":0,"24":0,"25":0,"26":0,"27":0,"28":0,"29":0,"30":0,"31":0,"32":0,"33":0,"34":0,"35":0,"36":0,"37":0,"38":0,"39":0,"40":0,"41":0,"42":0},"b":{"1":[0,0],"2":[0,0],"3":[0,0],"4":[0,0],"5":[0,0],"6":[0,0],"7":[0,0],"8":[0,0]},"f":{"1":0,"2":0,"3":0,"4":0,"5":0,"6":0,"7":0,"8":0},"fnMap":{"1":{"name":"(anonymous_1)","line":17,"loc":{"start":{"line":17,"column":27},"end":{"line":17,"column":62}}},"2":{"name":"(anonymous_2)","line":49,"loc":{"start":{"line":49,"column":11},"end":{"line":49,"column":22}}},"3":{"name":"(anonymous_3)","line":54,"loc":{"start":{"line":54,"column":36},"end":{"line":54,"column":65}}},"4":{"name":"(anonymous_4)","line":60,"loc":{"start":{"line":60,"column":28},"end":{"line":60,"column":46}}},"5":{"name":"checkAndLoadIfDownloaded","line":66,"loc":{"start":{"line":66,"column":4},"end":{"line":66,"column":40}}},"6":{"name":"(anonymous_6)","line":87,"loc":{"start":{"line":87,"column":19},"end":{"line":87,"column":30}}},"7":{"name":"(anonymous_7)","line":95,"loc":{"start":{"line":95,"column":85},"end":{"line":95,"column":99}}},"8":{"name":"(anonymous_8)","line":99,"loc":{"start":{"line":99,"column":58},"end":{"line":99,"column":69}}}},"statementMap":{"1":{"start":{"line":1,"column":0},"end":{"line":1,"column":41}},"2":{"start":{"line":3,"column":0},"end":{"line":3,"column":29}},"3":{"start":{"line":17,"column":0},"end":{"line":20,"column":2}},"4":{"start":{"line":18,"column":2},"end":{"line":18,"column":30}},"5":{"start":{"line":19,"column":2},"end":{"line":19,"column":38}},"6":{"start":{"line":28,"column":0},"end":{"line":28,"column":43}},"7":{"start":{"line":34,"column":0},"end":{"line":34,"column":47}},"8":{"start":{"line":41,"column":0},"end":{"line":41,"column":60}},"9":{"start":{"line":47,"column":0},"end":{"line":47,"column":69}},"10":{"start":{"line":49,"column":0},"end":{"line":111,"column":3}},"11":{"start":{"line":50,"column":2},"end":{"line":51,"column":24}},"12":{"start":{"line":54,"column":2},"end":{"line":58,"column":4}},"13":{"start":{"line":55,"column":4},"end":{"line":55,"column":42}},"14":{"start":{"line":56,"column":4},"end":{"line":56,"column":104}},"15":{"start":{"line":57,"column":4},"end":{"line":57,"column":87}},"16":{"start":{"line":60,"column":2},"end":{"line":110,"column":4}},"17":{"start":{"line":61,"column":4},"end":{"line":61,"column":20}},"18":{"start":{"line":62,"column":4},"end":{"line":62,"column":53}},"19":{"start":{"line":63,"column":4},"end":{"line":63,"column":49}},"20":{"start":{"line":66,"column":4},"end":{"line":91,"column":5}},"21":{"start":{"line":67,"column":6},"end":{"line":90,"column":7}},"22":{"start":{"line":68,"column":8},"end":{"line":70,"column":25}},"23":{"start":{"line":72,"column":8},"end":{"line":84,"column":9}},"24":{"start":{"line":73,"column":10},"end":{"line":83,"column":11}},"25":{"start":{"line":74,"column":12},"end":{"line":74,"column":48}},"26":{"start":{"line":77,"column":12},"end":{"line":82,"column":13}},"27":{"start":{"line":78,"column":14},"end":{"line":78,"column":82}},"28":{"start":{"line":79,"column":14},"end":{"line":79,"column":54}},"29":{"start":{"line":81,"column":14},"end":{"line":81,"column":40}},"30":{"start":{"line":85,"column":8},"end":{"line":85,"column":23}},"31":{"start":{"line":87,"column":8},"end":{"line":89,"column":15}},"32":{"start":{"line":88,"column":10},"end":{"line":88,"column":37}},"33":{"start":{"line":92,"column":4},"end":{"line":109,"column":5}},"34":{"start":{"line":93,"column":6},"end":{"line":93,"column":55}},"35":{"start":{"line":95,"column":6},"end":{"line":105,"column":9}},"36":{"start":{"line":96,"column":8},"end":{"line":104,"column":9}},"37":{"start":{"line":97,"column":10},"end":{"line":97,"column":22}},"38":{"start":{"line":99,"column":10},"end":{"line":101,"column":12}},"39":{"start":{"line":100,"column":11},"end":{"line":100,"column":39}},"40":{"start":{"line":103,"column":10},"end":{"line":103,"column":37}},"41":{"start":{"line":106,"column":6},"end":{"line":106,"column":51}},"42":{"start":{"line":108,"column":6},"end":{"line":108,"column":18}}},"branchMap":{"1":{"line":56,"type":"binary-expr","locations":[{"start":{"line":56,"column":15},"end":{"line":56,"column":41}},{"start":{"line":56,"column":45},"end":{"line":56,"column":67}}]},"2":{"line":57,"type":"cond-expr","locations":[{"start":{"line":57,"column":65},"end":{"line":57,"column":80}},{"start":{"line":57,"column":83},"end":{"line":57,"column":85}}]},"3":{"line":67,"type":"if","locations":[{"start":{"line":67,"column":6},"end":{"line":67,"column":6}},{"start":{"line":67,"column":6},"end":{"line":67,"column":6}}]},"4":{"line":72,"type":"if","locations":[{"start":{"line":72,"column":8},"end":{"line":72,"column":8}},{"start":{"line":72,"column":8},"end":{"line":72,"column":8}}]},"5":{"line":77,"type":"if","locations":[{"start":{"line":77,"column":12},"end":{"line":77,"column":12}},{"start":{"line":77,"column":12},"end":{"line":77,"column":12}}]},"6":{"line":77,"type":"binary-expr","locations":[{"start":{"line":77,"column":16},"end":{"line":77,"column":53}},{"start":{"line":77,"column":57},"end":{"line":77,"column":95}}]},"7":{"line":92,"type":"if","locations":[{"start":{"line":92,"column":4},"end":{"line":92,"column":4}},{"start":{"line":92,"column":4},"end":{"line":92,"column":4}}]},"8":{"line":96,"type":"if","locations":[{"start":{"line":96,"column":8},"end":{"line":96,"column":8}},{"start":{"line":96,"column":8},"end":{"line":96,"column":8}}]}},"code":["goog.provide('webfont.modules.Monotype');","","goog.require('webfont.Font');","","/**","webfont.load({","  monotype: {","    projectId: 'xxxxxxxx-xxxx-xxxx-xxxx-xxxxxxxxxxxx'//this is your Fonts.com Web fonts projectId","  }","});","*/","","/**"," * @constructor"," * @implements {webfont.FontModule}"," */","webfont.modules.Monotype = function(domHelper, configuration) {","  this.domHelper_ = domHelper;","  this.configuration_ = configuration;","};","","/**"," * name of the module through which external API is supposed to call the MonotypeFontAPI."," *"," * @const"," * @type {string}"," */","webfont.modules.Monotype.NAME = 'monotype';","","/**"," * __mti_fntLst is the name of function that exposes Monotype's font list."," * @const"," */","webfont.modules.Monotype.HOOK = '__mti_fntLst';","","/**"," * __MonotypeAPIScript__ is the id of script added by google API. Currently 'fonts.com' supports only one script in a page."," * This may require change in future if 'fonts.com' begins supporting multiple scripts per page."," * @const"," */","webfont.modules.Monotype.SCRIPTID = '__MonotypeAPIScript__';","","/**"," * __MonotypeConfiguration__ is function exposed to fonts.com. fonts.com will use this function to get webfontloader configuration"," * @const"," */","webfont.modules.Monotype.CONFIGURATION = '__MonotypeConfiguration__';","","goog.scope(function() {","  var Monotype = webfont.modules.Monotype,","    Font = webfont.Font;","    ","","  Monotype.prototype.getScriptSrc = function(projectId, version) {","    var p = this.domHelper_.getProtocol();","    var api = (this.configuration_['api'] || 'fast.fonts.net/jsapi').replace(/^.*http(s?):(\\/\\/)?/, \"\");","    return p + \"//\" + api + '/' + projectId + '.js' + (version ? '?v=' + version : '');","  };","","  Monotype.prototype.load = function(onReady) {","    var self = this;","    var projectId = self.configuration_['projectId'];","    var version = self.configuration_['version'];","  ","      ","    function checkAndLoadIfDownloaded() {","      if (loadWindow[Monotype.HOOK + projectId]) {","        var mti_fnts = loadWindow[Monotype.HOOK + projectId](),","            fonts = [],","            fntVariation;","","        if (mti_fnts) {","          for (var i = 0; i < mti_fnts.length; i++) {","            var fnt = mti_fnts[i][\"fontfamily\"];","            ","            //Check if font-style and font-weight is available","            if (mti_fnts[i][\"fontStyle\"] != undefined && mti_fnts[i][\"fontWeight\"] != undefined) {","              fntVariation = mti_fnts[i][\"fontStyle\"] + mti_fnts[i][\"fontWeight\"];","              fonts.push(new Font(fnt, fntVariation));","            } else {","              fonts.push(new Font(fnt));","            }","          }","        }","        onReady(fonts);","      } else {","        setTimeout(function() {","          checkAndLoadIfDownloaded();","        }, 50);","      }","    }","    if (projectId) {","      var loadWindow = self.domHelper_.getLoadWindow();","","      var script = this.domHelper_.loadScript(self.getScriptSrc(projectId, version), function(err) {","        if (err) {","          onReady([]);","        } else {","          loadWindow[Monotype.CONFIGURATION+ projectId] = function() {","           return  self.configuration_;","          };","            ","          checkAndLoadIfDownloaded();","        }","      });","      script[\"id\"] = Monotype.SCRIPTID + projectId;","    } else {","      onReady([]);","    }","  };","});"],"l":{"1":2,"3":0,"17":0,"18":0,"19":0,"28":0,"34":0,"41":0,"47":0,"49":0,"50":0,"54":0,"55":0,"56":0,"57":0,"60":0,"61":0,"62":0,"63":0,"66":1,"67":0,"68":0,"72":0,"73":0,"74":0,"77":0,"78":0,"79":0,"81":0,"85":0,"87":0,"88":0,"92":0,"93":0,"95":0,"96":0,"97":0,"99":0,"100":0,"103":0,"106":0,"108":0}},"/home/travis/build/npmtest/node-npmtest-webfontloader/node_modules/webfontloader/src/modules/typekit.js":{"path":"/home/travis/build/npmtest/node-npmtest-webfontloader/node_modules/webfontloader/src/modules/typekit.js","s":{"1":2,"2":0,"3":0,"4":0,"5":0,"6":0,"7":0,"8":0,"9":0,"10":0,"11":0,"12":0,"13":0,"14":0,"15":0,"16":0,"17":0,"18":0,"19":0,"20":0,"21":0,"22":0,"23":0,"24":0,"25":0,"26":0,"27":0,"28":0,"29":0,"30":0},"b":{"1":[0,0],"2":[0,0],"3":[0,0],"4":[0,0],"5":[0,0,0]},"f":{"1":0,"2":0,"3":0,"4":0,"5":0},"fnMap":{"1":{"name":"(anonymous_1)","line":9,"loc":{"start":{"line":9,"column":26},"end":{"line":9,"column":61}}},"2":{"name":"(anonymous_2)","line":20,"loc":{"start":{"line":20,"column":11},"end":{"line":20,"column":23}}},"3":{"name":"(anonymous_3)","line":24,"loc":{"start":{"line":24,"column":35},"end":{"line":24,"column":51}}},"4":{"name":"(anonymous_4)","line":29,"loc":{"start":{"line":29,"column":27},"end":{"line":29,"column":45}}},"5":{"name":"(anonymous_5)","line":38,"loc":{"start":{"line":38,"column":59},"end":{"line":38,"column":74}}}},"statementMap":{"1":{"start":{"line":1,"column":0},"end":{"line":1,"column":40}},"2":{"start":{"line":3,"column":0},"end":{"line":3,"column":29}},"3":{"start":{"line":9,"column":0},"end":{"line":12,"column":2}},"4":{"start":{"line":10,"column":2},"end":{"line":10,"column":30}},"5":{"start":{"line":11,"column":2},"end":{"line":11,"column":38}},"6":{"start":{"line":18,"column":0},"end":{"line":18,"column":41}},"7":{"start":{"line":20,"column":0},"end":{"line":73,"column":3}},"8":{"start":{"line":21,"column":2},"end":{"line":22,"column":26}},"9":{"start":{"line":24,"column":2},"end":{"line":27,"column":4}},"10":{"start":{"line":25,"column":4},"end":{"line":25,"column":70}},"11":{"start":{"line":26,"column":4},"end":{"line":26,"column":37}},"12":{"start":{"line":29,"column":2},"end":{"line":72,"column":4}},"13":{"start":{"line":30,"column":4},"end":{"line":30,"column":42}},"14":{"start":{"line":31,"column":4},"end":{"line":31,"column":44}},"15":{"start":{"line":32,"column":4},"end":{"line":32,"column":53}},"16":{"start":{"line":33,"column":4},"end":{"line":33,"column":20}},"17":{"start":{"line":35,"column":4},"end":{"line":71,"column":5}},"18":{"start":{"line":38,"column":6},"end":{"line":68,"column":15}},"19":{"start":{"line":39,"column":8},"end":{"line":67,"column":9}},"20":{"start":{"line":40,"column":10},"end":{"line":40,"column":22}},"21":{"start":{"line":42,"column":10},"end":{"line":66,"column":11}},"22":{"start":{"line":43,"column":12},"end":{"line":44,"column":27}},"23":{"start":{"line":46,"column":12},"end":{"line":53,"column":13}},"24":{"start":{"line":47,"column":14},"end":{"line":48,"column":41}},"25":{"start":{"line":50,"column":14},"end":{"line":52,"column":15}},"26":{"start":{"line":51,"column":16},"end":{"line":51,"column":58}},"27":{"start":{"line":57,"column":12},"end":{"line":63,"column":26}},"28":{"start":{"line":58,"column":14},"end":{"line":62,"column":17}},"29":{"start":{"line":65,"column":12},"end":{"line":65,"column":27}},"30":{"start":{"line":70,"column":6},"end":{"line":70,"column":18}}},"branchMap":{"1":{"line":25,"type":"binary-expr","locations":[{"start":{"line":25,"column":14},"end":{"line":25,"column":40}},{"start":{"line":25,"column":44},"end":{"line":25,"column":69}}]},"2":{"line":35,"type":"if","locations":[{"start":{"line":35,"column":4},"end":{"line":35,"column":4}},{"start":{"line":35,"column":4},"end":{"line":35,"column":4}}]},"3":{"line":39,"type":"if","locations":[{"start":{"line":39,"column":8},"end":{"line":39,"column":8}},{"start":{"line":39,"column":8},"end":{"line":39,"column":8}}]},"4":{"line":42,"type":"if","locations":[{"start":{"line":42,"column":10},"end":{"line":42,"column":10}},{"start":{"line":42,"column":10},"end":{"line":42,"column":10}}]},"5":{"line":42,"type":"binary-expr","locations":[{"start":{"line":42,"column":14},"end":{"line":42,"column":35}},{"start":{"line":42,"column":39},"end":{"line":42,"column":70}},{"start":{"line":42,"column":74},"end":{"line":42,"column":111}}]}},"code":["goog.provide('webfont.modules.Typekit');","","goog.require('webfont.Font');","","/**"," * @constructor"," * @implements {webfont.FontModule}"," */","webfont.modules.Typekit = function(domHelper, configuration) {","  this.domHelper_ = domHelper;","  this.configuration_ = configuration;","};","","/**"," * @const"," * @type {string}"," */","webfont.modules.Typekit.NAME = 'typekit';","","goog.scope(function () {","  var Typekit = webfont.modules.Typekit,","      Font = webfont.Font;","","  Typekit.prototype.getScriptSrc = function(kitId) {","    var api = this.configuration_['api'] || 'https://use.typekit.net';","    return api + '/' + kitId + '.js';","  };","","  Typekit.prototype.load = function(onReady) {","    var kitId = this.configuration_['id'];","    var configuration = this.configuration_;","    var loadWindow = this.domHelper_.getLoadWindow();","    var that = this;","","    if (kitId) {","      // Load the Typekit script. Once it is done loading we grab its configuration","      // and use that to populate the fonts we should watch.","      this.domHelper_.loadScript(this.getScriptSrc(kitId), function (err) {","        if (err) {","          onReady([]);","        } else {","          if (loadWindow['Typekit'] && loadWindow['Typekit']['config'] && loadWindow['Typekit']['config']['fn']) {","            var fn = loadWindow['Typekit']['config']['fn'],","                fonts = [];","","            for (var i = 0; i < fn.length; i += 2) {","              var font = fn[i],","                  variations = fn[i + 1];","","              for (var j = 0; j < variations.length; j++) {","                fonts.push(new Font(font, variations[j]));","              }","            }","","            // Kick off font loading but disable font events so","            // we don't duplicate font watching.","            try {","              loadWindow['Typekit']['load']({","                'events': false,","                'classes': false,","                'async': true","              });","            } catch (e) {}","","            onReady(fonts);","          }","        }","      }, 2000);","    } else {","      onReady([]);","    }","  };","});",""],"l":{"1":2,"3":0,"9":0,"10":0,"11":0,"18":0,"20":0,"21":0,"24":0,"25":0,"26":0,"29":0,"30":0,"31":0,"32":0,"33":0,"35":0,"38":0,"39":0,"40":0,"42":0,"43":0,"46":0,"47":0,"50":0,"51":0,"57":0,"58":0,"65":0,"70":0}}}